{"C:\\Users\\hp\\Downloads\\CajasDelCampo\\server.js": {"path":"C:\\Users\\hp\\Downloads\\CajasDelCampo\\server.js","statementMap":{"0":{"start":{"line":1,"column":16},"end":{"line":1,"column":34}},"1":{"start":{"line":2,"column":13},"end":{"line":2,"column":28}},"2":{"start":{"line":3,"column":15},"end":{"line":3,"column":32}},"3":{"start":{"line":4,"column":18},"end":{"line":4,"column":47}},"4":{"start":{"line":5,"column":0},"end":{"line":5,"column":27}},"5":{"start":{"line":7,"column":22},"end":{"line":7,"column":57}},"6":{"start":{"line":8,"column":19},"end":{"line":8,"column":43}},"7":{"start":{"line":9,"column":19},"end":{"line":9,"column":44}},"8":{"start":{"line":10,"column":22},"end":{"line":10,"column":50}},"9":{"start":{"line":11,"column":27},"end":{"line":11,"column":60}},"10":{"start":{"line":12,"column":20},"end":{"line":12,"column":46}},"11":{"start":{"line":13,"column":22},"end":{"line":13,"column":50}},"12":{"start":{"line":14,"column":21},"end":{"line":14,"column":48}},"13":{"start":{"line":15,"column":20},"end":{"line":15,"column":45}},"14":{"start":{"line":17,"column":12},"end":{"line":17,"column":21}},"15":{"start":{"line":18,"column":13},"end":{"line":18,"column":37}},"16":{"start":{"line":22,"column":22},"end":{"line":38,"column":1}},"17":{"start":{"line":40,"column":0},"end":{"line":45,"column":4}},"18":{"start":{"line":48,"column":0},"end":{"line":62,"column":3}},"19":{"start":{"line":49,"column":2},"end":{"line":60,"column":3}},"20":{"start":{"line":50,"column":22},"end":{"line":50,"column":114}},"21":{"start":{"line":51,"column":26},"end":{"line":56,"column":5}},"22":{"start":{"line":57,"column":4},"end":{"line":57,"column":62}},"23":{"start":{"line":61,"column":2},"end":{"line":61,"column":9}},"24":{"start":{"line":65,"column":16},"end":{"line":69,"column":2}},"25":{"start":{"line":70,"column":0},"end":{"line":70,"column":26}},"26":{"start":{"line":73,"column":23},"end":{"line":76,"column":18}},"27":{"start":{"line":75,"column":12},"end":{"line":75,"column":20}},"28":{"start":{"line":78,"column":20},"end":{"line":89,"column":1}},"29":{"start":{"line":81,"column":4},"end":{"line":81,"column":39}},"30":{"start":{"line":81,"column":17},"end":{"line":81,"column":39}},"31":{"start":{"line":82,"column":4},"end":{"line":82,"column":63}},"32":{"start":{"line":82,"column":41},"end":{"line":82,"column":63}},"33":{"start":{"line":83,"column":4},"end":{"line":83,"column":48}},"34":{"start":{"line":91,"column":0},"end":{"line":91,"column":27}},"35":{"start":{"line":92,"column":0},"end":{"line":92,"column":36}},"36":{"start":{"line":95,"column":0},"end":{"line":95,"column":41}},"37":{"start":{"line":96,"column":0},"end":{"line":96,"column":48}},"38":{"start":{"line":99,"column":57},"end":{"line":99,"column":89}},"39":{"start":{"line":100,"column":0},"end":{"line":100,"column":25}},"40":{"start":{"line":103,"column":0},"end":{"line":103,"column":43}},"41":{"start":{"line":106,"column":0},"end":{"line":120,"column":2}},"42":{"start":{"line":110,"column":4},"end":{"line":116,"column":5}},"43":{"start":{"line":111,"column":31},"end":{"line":111,"column":64}},"44":{"start":{"line":112,"column":21},"end":{"line":112,"column":55}},"45":{"start":{"line":113,"column":6},"end":{"line":113,"column":32}},"46":{"start":{"line":118,"column":4},"end":{"line":118,"column":26}},"47":{"start":{"line":123,"column":0},"end":{"line":123,"column":34}},"48":{"start":{"line":124,"column":0},"end":{"line":124,"column":35}},"49":{"start":{"line":125,"column":0},"end":{"line":125,"column":38}},"50":{"start":{"line":126,"column":0},"end":{"line":126,"column":43}},"51":{"start":{"line":127,"column":0},"end":{"line":127,"column":36}},"52":{"start":{"line":128,"column":0},"end":{"line":128,"column":38}},"53":{"start":{"line":129,"column":0},"end":{"line":129,"column":37}},"54":{"start":{"line":130,"column":0},"end":{"line":130,"column":35}},"55":{"start":{"line":133,"column":0},"end":{"line":133,"column":47}},"56":{"start":{"line":136,"column":0},"end":{"line":136,"column":33}},"57":{"start":{"line":137,"column":0},"end":{"line":137,"column":34}},"58":{"start":{"line":138,"column":0},"end":{"line":138,"column":40}},"59":{"start":{"line":139,"column":0},"end":{"line":139,"column":50}},"60":{"start":{"line":140,"column":0},"end":{"line":140,"column":36}},"61":{"start":{"line":141,"column":0},"end":{"line":141,"column":40}},"62":{"start":{"line":142,"column":0},"end":{"line":142,"column":38}},"63":{"start":{"line":143,"column":0},"end":{"line":143,"column":35}},"64":{"start":{"line":146,"column":0},"end":{"line":152,"column":3}},"65":{"start":{"line":147,"column":2},"end":{"line":151,"column":5}},"66":{"start":{"line":155,"column":0},"end":{"line":161,"column":3}},"67":{"start":{"line":156,"column":2},"end":{"line":156,"column":27}},"68":{"start":{"line":157,"column":2},"end":{"line":160,"column":5}},"69":{"start":{"line":164,"column":0},"end":{"line":166,"column":3}},"70":{"start":{"line":165,"column":2},"end":{"line":165,"column":55}},"71":{"start":{"line":169,"column":20},"end":{"line":222,"column":1}},"72":{"start":{"line":170,"column":2},"end":{"line":221,"column":3}},"73":{"start":{"line":171,"column":4},"end":{"line":171,"column":35}},"74":{"start":{"line":172,"column":4},"end":{"line":172,"column":65}},"75":{"start":{"line":175,"column":4},"end":{"line":184,"column":5}},"76":{"start":{"line":176,"column":24},"end":{"line":176,"column":84}},"77":{"start":{"line":177,"column":26},"end":{"line":177,"column":95}},"78":{"start":{"line":177,"column":72},"end":{"line":177,"column":94}},"79":{"start":{"line":178,"column":6},"end":{"line":181,"column":7}},"80":{"start":{"line":179,"column":8},"end":{"line":179,"column":111}},"81":{"start":{"line":180,"column":8},"end":{"line":180,"column":70}},"82":{"start":{"line":183,"column":6},"end":{"line":183,"column":82}},"83":{"start":{"line":187,"column":4},"end":{"line":196,"column":5}},"84":{"start":{"line":188,"column":31},"end":{"line":188,"column":86}},"85":{"start":{"line":189,"column":27},"end":{"line":189,"column":111}},"86":{"start":{"line":189,"column":87},"end":{"line":189,"column":110}},"87":{"start":{"line":190,"column":6},"end":{"line":193,"column":7}},"88":{"start":{"line":191,"column":8},"end":{"line":191,"column":82}},"89":{"start":{"line":192,"column":8},"end":{"line":192,"column":66}},"90":{"start":{"line":195,"column":6},"end":{"line":195,"column":83}},"91":{"start":{"line":199,"column":4},"end":{"line":208,"column":5}},"92":{"start":{"line":200,"column":30},"end":{"line":200,"column":84}},"93":{"start":{"line":201,"column":33},"end":{"line":201,"column":115}},"94":{"start":{"line":201,"column":91},"end":{"line":201,"column":114}},"95":{"start":{"line":202,"column":6},"end":{"line":205,"column":7}},"96":{"start":{"line":203,"column":8},"end":{"line":203,"column":81}},"97":{"start":{"line":204,"column":8},"end":{"line":204,"column":65}},"98":{"start":{"line":207,"column":6},"end":{"line":207,"column":91}},"99":{"start":{"line":211,"column":4},"end":{"line":211,"column":43}},"100":{"start":{"line":212,"column":4},"end":{"line":212,"column":55}},"101":{"start":{"line":214,"column":4},"end":{"line":217,"column":7}},"102":{"start":{"line":215,"column":6},"end":{"line":215,"column":55}},"103":{"start":{"line":216,"column":6},"end":{"line":216,"column":58}},"104":{"start":{"line":219,"column":4},"end":{"line":219,"column":52}},"105":{"start":{"line":220,"column":4},"end":{"line":220,"column":20}},"106":{"start":{"line":225,"column":0},"end":{"line":227,"column":1}},"107":{"start":{"line":226,"column":2},"end":{"line":226,"column":16}},"108":{"start":{"line":229,"column":0},"end":{"line":229,"column":21}}},"fnMap":{"0":{"name":"(anonymous_0)","decl":{"start":{"line":48,"column":8},"end":{"line":48,"column":9}},"loc":{"start":{"line":48,"column":28},"end":{"line":62,"column":1}},"line":48},"1":{"name":"(anonymous_1)","decl":{"start":{"line":75,"column":7},"end":{"line":75,"column":8}},"loc":{"start":{"line":75,"column":12},"end":{"line":75,"column":20}},"line":75},"2":{"name":"(anonymous_2)","decl":{"start":{"line":79,"column":10},"end":{"line":79,"column":11}},"loc":{"start":{"line":79,"column":26},"end":{"line":84,"column":3}},"line":79},"3":{"name":"(anonymous_3)","decl":{"start":{"line":109,"column":2},"end":{"line":109,"column":3}},"loc":{"start":{"line":109,"column":16},"end":{"line":119,"column":3}},"line":109},"4":{"name":"(anonymous_4)","decl":{"start":{"line":146,"column":23},"end":{"line":146,"column":24}},"loc":{"start":{"line":146,"column":37},"end":{"line":152,"column":1}},"line":146},"5":{"name":"(anonymous_5)","decl":{"start":{"line":155,"column":8},"end":{"line":155,"column":9}},"loc":{"start":{"line":155,"column":33},"end":{"line":161,"column":1}},"line":155},"6":{"name":"(anonymous_6)","decl":{"start":{"line":164,"column":13},"end":{"line":164,"column":14}},"loc":{"start":{"line":164,"column":27},"end":{"line":166,"column":1}},"line":164},"7":{"name":"(anonymous_7)","decl":{"start":{"line":169,"column":20},"end":{"line":169,"column":21}},"loc":{"start":{"line":169,"column":32},"end":{"line":222,"column":1}},"line":169},"8":{"name":"(anonymous_8)","decl":{"start":{"line":177,"column":65},"end":{"line":177,"column":66}},"loc":{"start":{"line":177,"column":72},"end":{"line":177,"column":94}},"line":177},"9":{"name":"(anonymous_9)","decl":{"start":{"line":189,"column":80},"end":{"line":189,"column":81}},"loc":{"start":{"line":189,"column":87},"end":{"line":189,"column":110}},"line":189},"10":{"name":"(anonymous_10)","decl":{"start":{"line":201,"column":84},"end":{"line":201,"column":85}},"loc":{"start":{"line":201,"column":91},"end":{"line":201,"column":114}},"line":201},"11":{"name":"(anonymous_11)","decl":{"start":{"line":214,"column":21},"end":{"line":214,"column":22}},"loc":{"start":{"line":214,"column":27},"end":{"line":217,"column":5}},"line":214}},"branchMap":{"0":{"loc":{"start":{"line":18,"column":13},"end":{"line":18,"column":37}},"type":"binary-expr","locations":[{"start":{"line":18,"column":13},"end":{"line":18,"column":29}},{"start":{"line":18,"column":33},"end":{"line":18,"column":37}}],"line":18},"1":{"loc":{"start":{"line":50,"column":22},"end":{"line":50,"column":114}},"type":"binary-expr","locations":[{"start":{"line":50,"column":22},"end":{"line":50,"column":48}},{"start":{"line":50,"column":52},"end":{"line":50,"column":114}}],"line":50},"2":{"loc":{"start":{"line":73,"column":24},"end":{"line":73,"column":111}},"type":"binary-expr","locations":[{"start":{"line":73,"column":24},"end":{"line":73,"column":56}},{"start":{"line":73,"column":60},"end":{"line":73,"column":84}},{"start":{"line":73,"column":88},"end":{"line":73,"column":111}}],"line":73},"3":{"loc":{"start":{"line":81,"column":4},"end":{"line":81,"column":39}},"type":"if","locations":[{"start":{"line":81,"column":4},"end":{"line":81,"column":39}},{"start":{},"end":{}}],"line":81},"4":{"loc":{"start":{"line":82,"column":4},"end":{"line":82,"column":63}},"type":"if","locations":[{"start":{"line":82,"column":4},"end":{"line":82,"column":63}},{"start":{},"end":{}}],"line":82},"5":{"loc":{"start":{"line":112,"column":21},"end":{"line":112,"column":55}},"type":"binary-expr","locations":[{"start":{"line":112,"column":21},"end":{"line":112,"column":43}},{"start":{"line":112,"column":47},"end":{"line":112,"column":55}}],"line":112},"6":{"loc":{"start":{"line":159,"column":11},"end":{"line":159,"column":68}},"type":"cond-expr","locations":[{"start":{"line":159,"column":52},"end":{"line":159,"column":63}},{"start":{"line":159,"column":66},"end":{"line":159,"column":68}}],"line":159},"7":{"loc":{"start":{"line":177,"column":26},"end":{"line":177,"column":95}},"type":"binary-expr","locations":[{"start":{"line":177,"column":26},"end":{"line":177,"column":48}},{"start":{"line":177,"column":52},"end":{"line":177,"column":95}}],"line":177},"8":{"loc":{"start":{"line":178,"column":6},"end":{"line":181,"column":7}},"type":"if","locations":[{"start":{"line":178,"column":6},"end":{"line":181,"column":7}},{"start":{},"end":{}}],"line":178},"9":{"loc":{"start":{"line":189,"column":27},"end":{"line":189,"column":111}},"type":"binary-expr","locations":[{"start":{"line":189,"column":27},"end":{"line":189,"column":56}},{"start":{"line":189,"column":60},"end":{"line":189,"column":111}}],"line":189},"10":{"loc":{"start":{"line":190,"column":6},"end":{"line":193,"column":7}},"type":"if","locations":[{"start":{"line":190,"column":6},"end":{"line":193,"column":7}},{"start":{},"end":{}}],"line":190},"11":{"loc":{"start":{"line":201,"column":33},"end":{"line":201,"column":115}},"type":"binary-expr","locations":[{"start":{"line":201,"column":33},"end":{"line":201,"column":61}},{"start":{"line":201,"column":65},"end":{"line":201,"column":115}}],"line":201},"12":{"loc":{"start":{"line":202,"column":6},"end":{"line":205,"column":7}},"type":"if","locations":[{"start":{"line":202,"column":6},"end":{"line":205,"column":7}},{"start":{},"end":{}}],"line":202},"13":{"loc":{"start":{"line":225,"column":0},"end":{"line":227,"column":1}},"type":"if","locations":[{"start":{"line":225,"column":0},"end":{"line":227,"column":1}},{"start":{},"end":{}}],"line":225}},"s":{"0":6,"1":6,"2":6,"3":6,"4":6,"5":6,"6":6,"7":6,"8":6,"9":6,"10":6,"11":6,"12":6,"13":6,"14":6,"15":6,"16":6,"17":6,"18":6,"19":45,"20":45,"21":45,"22":45,"23":45,"24":6,"25":6,"26":6,"27":6,"28":6,"29":45,"30":45,"31":0,"32":0,"33":0,"34":6,"35":6,"36":6,"37":6,"38":6,"39":6,"40":6,"41":6,"42":2,"43":2,"44":2,"45":2,"46":2,"47":6,"48":6,"49":6,"50":6,"51":6,"52":6,"53":6,"54":6,"55":6,"56":6,"57":6,"58":6,"59":6,"60":6,"61":6,"62":6,"63":6,"64":6,"65":1,"66":6,"67":2,"68":2,"69":6,"70":0,"71":6,"72":0,"73":0,"74":0,"75":0,"76":0,"77":0,"78":0,"79":0,"80":0,"81":0,"82":0,"83":0,"84":0,"85":0,"86":0,"87":0,"88":0,"89":0,"90":0,"91":0,"92":0,"93":0,"94":0,"95":0,"96":0,"97":0,"98":0,"99":0,"100":0,"101":0,"102":0,"103":0,"104":0,"105":0,"106":6,"107":0,"108":6},"f":{"0":45,"1":6,"2":45,"3":2,"4":1,"5":2,"6":0,"7":0,"8":0,"9":0,"10":0,"11":0},"b":{"0":[6,0],"1":[45,45],"2":[6,0,0],"3":[45,0],"4":[0,0],"5":[2,0],"6":[0,2],"7":[0,0],"8":[0,0],"9":[0,0],"10":[0,0],"11":[0,0],"12":[0,0],"13":[0,6]},"_coverageSchema":"1a1c01bbd47fc00a2c39e90264f33305004495a9","hash":"a4d73d7d89b6ed2c2f2d65c1e53e66e34203b300"}
,"C:\\Users\\hp\\Downloads\\CajasDelCampo\\middleware\\auth.js": {"path":"C:\\Users\\hp\\Downloads\\CajasDelCampo\\middleware\\auth.js","statementMap":{"0":{"start":{"line":1,"column":12},"end":{"line":1,"column":35}},"1":{"start":{"line":2,"column":17},"end":{"line":2,"column":37}},"2":{"start":{"line":5,"column":26},"end":{"line":34,"column":1}},"3":{"start":{"line":6,"column":2},"end":{"line":33,"column":3}},"4":{"start":{"line":7,"column":23},"end":{"line":7,"column":51}},"5":{"start":{"line":8,"column":18},"end":{"line":8,"column":56}},"6":{"start":{"line":10,"column":4},"end":{"line":12,"column":5}},"7":{"start":{"line":11,"column":6},"end":{"line":11,"column":72}},"8":{"start":{"line":14,"column":20},"end":{"line":14,"column":61}},"9":{"start":{"line":15,"column":17},"end":{"line":17,"column":6}},"10":{"start":{"line":19,"column":4},"end":{"line":21,"column":5}},"11":{"start":{"line":20,"column":6},"end":{"line":20,"column":75}},"12":{"start":{"line":23,"column":4},"end":{"line":23,"column":20}},"13":{"start":{"line":24,"column":4},"end":{"line":24,"column":11}},"14":{"start":{"line":26,"column":4},"end":{"line":28,"column":5}},"15":{"start":{"line":27,"column":6},"end":{"line":27,"column":64}},"16":{"start":{"line":29,"column":4},"end":{"line":31,"column":5}},"17":{"start":{"line":30,"column":6},"end":{"line":30,"column":64}},"18":{"start":{"line":32,"column":4},"end":{"line":32,"column":69}},"19":{"start":{"line":37,"column":21},"end":{"line":42,"column":1}},"20":{"start":{"line":38,"column":2},"end":{"line":40,"column":3}},"21":{"start":{"line":39,"column":4},"end":{"line":39,"column":70}},"22":{"start":{"line":41,"column":2},"end":{"line":41,"column":9}},"23":{"start":{"line":45,"column":32},"end":{"line":57,"column":1}},"24":{"start":{"line":46,"column":2},"end":{"line":56,"column":4}},"25":{"start":{"line":47,"column":4},"end":{"line":49,"column":5}},"26":{"start":{"line":48,"column":6},"end":{"line":48,"column":20}},"27":{"start":{"line":51,"column":27},"end":{"line":51,"column":91}},"28":{"start":{"line":52,"column":4},"end":{"line":54,"column":5}},"29":{"start":{"line":53,"column":6},"end":{"line":53,"column":64}},"30":{"start":{"line":55,"column":4},"end":{"line":55,"column":11}},"31":{"start":{"line":60,"column":21},"end":{"line":80,"column":1}},"32":{"start":{"line":61,"column":2},"end":{"line":79,"column":3}},"33":{"start":{"line":62,"column":23},"end":{"line":62,"column":51}},"34":{"start":{"line":63,"column":18},"end":{"line":63,"column":56}},"35":{"start":{"line":65,"column":4},"end":{"line":74,"column":5}},"36":{"start":{"line":66,"column":22},"end":{"line":66,"column":63}},"37":{"start":{"line":67,"column":19},"end":{"line":69,"column":8}},"38":{"start":{"line":71,"column":6},"end":{"line":73,"column":7}},"39":{"start":{"line":72,"column":8},"end":{"line":72,"column":24}},"40":{"start":{"line":75,"column":4},"end":{"line":75,"column":11}},"41":{"start":{"line":78,"column":4},"end":{"line":78,"column":11}},"42":{"start":{"line":82,"column":0},"end":{"line":87,"column":2}}},"fnMap":{"0":{"name":"(anonymous_0)","decl":{"start":{"line":5,"column":26},"end":{"line":5,"column":27}},"loc":{"start":{"line":5,"column":52},"end":{"line":34,"column":1}},"line":5},"1":{"name":"(anonymous_1)","decl":{"start":{"line":37,"column":21},"end":{"line":37,"column":22}},"loc":{"start":{"line":37,"column":41},"end":{"line":42,"column":1}},"line":37},"2":{"name":"(anonymous_2)","decl":{"start":{"line":45,"column":32},"end":{"line":45,"column":33}},"loc":{"start":{"line":45,"column":69},"end":{"line":57,"column":1}},"line":45},"3":{"name":"(anonymous_3)","decl":{"start":{"line":46,"column":9},"end":{"line":46,"column":10}},"loc":{"start":{"line":46,"column":29},"end":{"line":56,"column":3}},"line":46},"4":{"name":"(anonymous_4)","decl":{"start":{"line":60,"column":21},"end":{"line":60,"column":22}},"loc":{"start":{"line":60,"column":47},"end":{"line":80,"column":1}},"line":60}},"branchMap":{"0":{"loc":{"start":{"line":8,"column":18},"end":{"line":8,"column":56}},"type":"binary-expr","locations":[{"start":{"line":8,"column":18},"end":{"line":8,"column":28}},{"start":{"line":8,"column":32},"end":{"line":8,"column":56}}],"line":8},"1":{"loc":{"start":{"line":10,"column":4},"end":{"line":12,"column":5}},"type":"if","locations":[{"start":{"line":10,"column":4},"end":{"line":12,"column":5}},{"start":{},"end":{}}],"line":10},"2":{"loc":{"start":{"line":19,"column":4},"end":{"line":21,"column":5}},"type":"if","locations":[{"start":{"line":19,"column":4},"end":{"line":21,"column":5}},{"start":{},"end":{}}],"line":19},"3":{"loc":{"start":{"line":19,"column":8},"end":{"line":19,"column":32}},"type":"binary-expr","locations":[{"start":{"line":19,"column":8},"end":{"line":19,"column":13}},{"start":{"line":19,"column":17},"end":{"line":19,"column":32}}],"line":19},"4":{"loc":{"start":{"line":26,"column":4},"end":{"line":28,"column":5}},"type":"if","locations":[{"start":{"line":26,"column":4},"end":{"line":28,"column":5}},{"start":{},"end":{}}],"line":26},"5":{"loc":{"start":{"line":29,"column":4},"end":{"line":31,"column":5}},"type":"if","locations":[{"start":{"line":29,"column":4},"end":{"line":31,"column":5}},{"start":{},"end":{}}],"line":29},"6":{"loc":{"start":{"line":38,"column":2},"end":{"line":40,"column":3}},"type":"if","locations":[{"start":{"line":38,"column":2},"end":{"line":40,"column":3}},{"start":{},"end":{}}],"line":38},"7":{"loc":{"start":{"line":45,"column":33},"end":{"line":45,"column":64}},"type":"default-arg","locations":[{"start":{"line":45,"column":55},"end":{"line":45,"column":64}}],"line":45},"8":{"loc":{"start":{"line":47,"column":4},"end":{"line":49,"column":5}},"type":"if","locations":[{"start":{"line":47,"column":4},"end":{"line":49,"column":5}},{"start":{},"end":{}}],"line":47},"9":{"loc":{"start":{"line":51,"column":27},"end":{"line":51,"column":91}},"type":"binary-expr","locations":[{"start":{"line":51,"column":27},"end":{"line":51,"column":58}},{"start":{"line":51,"column":62},"end":{"line":51,"column":91}}],"line":51},"10":{"loc":{"start":{"line":52,"column":4},"end":{"line":54,"column":5}},"type":"if","locations":[{"start":{"line":52,"column":4},"end":{"line":54,"column":5}},{"start":{},"end":{}}],"line":52},"11":{"loc":{"start":{"line":63,"column":18},"end":{"line":63,"column":56}},"type":"binary-expr","locations":[{"start":{"line":63,"column":18},"end":{"line":63,"column":28}},{"start":{"line":63,"column":32},"end":{"line":63,"column":56}}],"line":63},"12":{"loc":{"start":{"line":65,"column":4},"end":{"line":74,"column":5}},"type":"if","locations":[{"start":{"line":65,"column":4},"end":{"line":74,"column":5}},{"start":{},"end":{}}],"line":65},"13":{"loc":{"start":{"line":71,"column":6},"end":{"line":73,"column":7}},"type":"if","locations":[{"start":{"line":71,"column":6},"end":{"line":73,"column":7}},{"start":{},"end":{}}],"line":71},"14":{"loc":{"start":{"line":71,"column":10},"end":{"line":71,"column":32}},"type":"binary-expr","locations":[{"start":{"line":71,"column":10},"end":{"line":71,"column":14}},{"start":{"line":71,"column":18},"end":{"line":71,"column":32}}],"line":71}},"s":{"0":6,"1":6,"2":6,"3":14,"4":14,"5":14,"6":14,"7":1,"8":13,"9":12,"10":12,"11":0,"12":12,"13":12,"14":1,"15":1,"16":0,"17":0,"18":0,"19":6,"20":9,"21":0,"22":9,"23":6,"24":12,"25":0,"26":0,"27":0,"28":0,"29":0,"30":0,"31":6,"32":4,"33":4,"34":4,"35":4,"36":0,"37":0,"38":0,"39":0,"40":4,"41":0,"42":6},"f":{"0":14,"1":9,"2":12,"3":0,"4":4},"b":{"0":[14,13],"1":[1,13],"2":[0,12],"3":[12,12],"4":[1,0],"5":[0,0],"6":[0,9],"7":[12],"8":[0,0],"9":[0,0],"10":[0,0],"11":[4,0],"12":[0,4],"13":[0,0],"14":[0,0]},"_coverageSchema":"1a1c01bbd47fc00a2c39e90264f33305004495a9","hash":"3f6ff10fc932500cd6675b63c787433c36c17acb"}
,"C:\\Users\\hp\\Downloads\\CajasDelCampo\\middleware\\security.js": {"path":"C:\\Users\\hp\\Downloads\\CajasDelCampo\\middleware\\security.js","statementMap":{"0":{"start":{"line":1,"column":15},"end":{"line":1,"column":32}},"1":{"start":{"line":2,"column":26},"end":{"line":2,"column":60}},"2":{"start":{"line":6,"column":2},"end":{"line":6,"column":46}},"3":{"start":{"line":6,"column":33},"end":{"line":6,"column":46}},"4":{"start":{"line":8,"column":2},"end":{"line":8,"column":48}},"5":{"start":{"line":8,"column":35},"end":{"line":8,"column":48}},"6":{"start":{"line":10,"column":18},"end":{"line":13,"column":29}},"7":{"start":{"line":14,"column":2},"end":{"line":14,"column":19}},"8":{"start":{"line":18,"column":2},"end":{"line":18,"column":50}},"9":{"start":{"line":18,"column":39},"end":{"line":18,"column":50}},"10":{"start":{"line":19,"column":20},"end":{"line":19,"column":48}},"11":{"start":{"line":20,"column":2},"end":{"line":27,"column":3}},"12":{"start":{"line":21,"column":16},"end":{"line":21,"column":24}},"13":{"start":{"line":22,"column":4},"end":{"line":26,"column":5}},"14":{"start":{"line":23,"column":6},"end":{"line":23,"column":43}},"15":{"start":{"line":25,"column":6},"end":{"line":25,"column":42}},"16":{"start":{"line":28,"column":2},"end":{"line":28,"column":19}},"17":{"start":{"line":33,"column":2},"end":{"line":40,"column":3}},"18":{"start":{"line":34,"column":4},"end":{"line":34,"column":54}},"19":{"start":{"line":34,"column":18},"end":{"line":34,"column":54}},"20":{"start":{"line":35,"column":4},"end":{"line":35,"column":57}},"21":{"start":{"line":35,"column":19},"end":{"line":35,"column":57}},"22":{"start":{"line":36,"column":4},"end":{"line":36,"column":11}},"23":{"start":{"line":38,"column":4},"end":{"line":38,"column":74}},"24":{"start":{"line":39,"column":4},"end":{"line":39,"column":65}},"25":{"start":{"line":44,"column":21},"end":{"line":44,"column":35}},"26":{"start":{"line":45,"column":21},"end":{"line":45,"column":33}},"27":{"start":{"line":46,"column":21},"end":{"line":46,"column":39}},"28":{"start":{"line":49,"column":17},"end":{"line":49,"column":44}},"29":{"start":{"line":50,"column":14},"end":{"line":50,"column":16}},"30":{"start":{"line":51,"column":2},"end":{"line":55,"column":5}},"31":{"start":{"line":52,"column":25},"end":{"line":52,"column":47}},"32":{"start":{"line":53,"column":4},"end":{"line":53,"column":19}},"33":{"start":{"line":53,"column":12},"end":{"line":53,"column":19}},"34":{"start":{"line":54,"column":4},"end":{"line":54,"column":48}},"35":{"start":{"line":56,"column":2},"end":{"line":56,"column":13}},"36":{"start":{"line":60,"column":12},"end":{"line":60,"column":47}},"37":{"start":{"line":61,"column":2},"end":{"line":61,"column":20}},"38":{"start":{"line":62,"column":2},"end":{"line":62,"column":25}},"39":{"start":{"line":66,"column":17},"end":{"line":66,"column":87}},"40":{"start":{"line":67,"column":13},"end":{"line":67,"column":34}},"41":{"start":{"line":68,"column":16},"end":{"line":68,"column":54}},"42":{"start":{"line":69,"column":18},"end":{"line":69,"column":67}},"43":{"start":{"line":70,"column":18},"end":{"line":70,"column":45}},"44":{"start":{"line":71,"column":14},"end":{"line":71,"column":40}},"45":{"start":{"line":72,"column":2},"end":{"line":72,"column":33}},"46":{"start":{"line":76,"column":2},"end":{"line":88,"column":3}},"47":{"start":{"line":77,"column":19},"end":{"line":77,"column":89}},"48":{"start":{"line":78,"column":18},"end":{"line":78,"column":42}},"49":{"start":{"line":79,"column":4},"end":{"line":79,"column":41}},"50":{"start":{"line":79,"column":28},"end":{"line":79,"column":41}},"51":{"start":{"line":80,"column":32},"end":{"line":80,"column":37}},"52":{"start":{"line":81,"column":15},"end":{"line":81,"column":34}},"53":{"start":{"line":82,"column":4},"end":{"line":82,"column":60}},"54":{"start":{"line":82,"column":47},"end":{"line":82,"column":60}},"55":{"start":{"line":83,"column":20},"end":{"line":83,"column":69}},"56":{"start":{"line":84,"column":24},"end":{"line":84,"column":73}},"57":{"start":{"line":85,"column":4},"end":{"line":85,"column":78}},"58":{"start":{"line":87,"column":4},"end":{"line":87,"column":17}},"59":{"start":{"line":92,"column":17},"end":{"line":92,"column":76}},"60":{"start":{"line":93,"column":16},"end":{"line":98,"column":3}},"61":{"start":{"line":99,"column":2},"end":{"line":99,"column":35}},"62":{"start":{"line":99,"column":14},"end":{"line":99,"column":35}},"63":{"start":{"line":101,"column":2},"end":{"line":101,"column":48}},"64":{"start":{"line":105,"column":16},"end":{"line":105,"column":38}},"65":{"start":{"line":106,"column":2},"end":{"line":106,"column":28}},"66":{"start":{"line":107,"column":2},"end":{"line":107,"column":33}},"67":{"start":{"line":112,"column":2},"end":{"line":112,"column":78}},"68":{"start":{"line":112,"column":64},"end":{"line":112,"column":78}},"69":{"start":{"line":114,"column":2},"end":{"line":116,"column":3}},"70":{"start":{"line":115,"column":4},"end":{"line":115,"column":18}},"71":{"start":{"line":117,"column":18},"end":{"line":117,"column":35}},"72":{"start":{"line":118,"column":22},"end":{"line":118,"column":47}},"73":{"start":{"line":119,"column":22},"end":{"line":119,"column":43}},"74":{"start":{"line":120,"column":2},"end":{"line":122,"column":3}},"75":{"start":{"line":121,"column":4},"end":{"line":121,"column":67}},"76":{"start":{"line":124,"column":2},"end":{"line":126,"column":3}},"77":{"start":{"line":125,"column":4},"end":{"line":125,"column":67}},"78":{"start":{"line":127,"column":2},"end":{"line":127,"column":9}},"79":{"start":{"line":130,"column":0},"end":{"line":134,"column":2}}},"fnMap":{"0":{"name":"sanitizeValue","decl":{"start":{"line":5,"column":9},"end":{"line":5,"column":22}},"loc":{"start":{"line":5,"column":30},"end":{"line":15,"column":1}},"line":5},"1":{"name":"sanitizeObject","decl":{"start":{"line":17,"column":9},"end":{"line":17,"column":23}},"loc":{"start":{"line":17,"column":29},"end":{"line":29,"column":1}},"line":17},"2":{"name":"sanitizeRequest","decl":{"start":{"line":32,"column":9},"end":{"line":32,"column":24}},"loc":{"start":{"line":32,"column":41},"end":{"line":41,"column":1}},"line":32},"3":{"name":"parseCookies","decl":{"start":{"line":48,"column":9},"end":{"line":48,"column":21}},"loc":{"start":{"line":48,"column":27},"end":{"line":57,"column":1}},"line":48},"4":{"name":"(anonymous_4)","decl":{"start":{"line":51,"column":28},"end":{"line":51,"column":29}},"loc":{"start":{"line":51,"column":36},"end":{"line":55,"column":3}},"line":51},"5":{"name":"signToken","decl":{"start":{"line":59,"column":9},"end":{"line":59,"column":18}},"loc":{"start":{"line":59,"column":36},"end":{"line":63,"column":1}},"line":59},"6":{"name":"generateCsrfToken","decl":{"start":{"line":65,"column":9},"end":{"line":65,"column":26}},"loc":{"start":{"line":65,"column":32},"end":{"line":73,"column":1}},"line":65},"7":{"name":"verifyCsrfToken","decl":{"start":{"line":75,"column":9},"end":{"line":75,"column":24}},"loc":{"start":{"line":75,"column":37},"end":{"line":89,"column":1}},"line":75},"8":{"name":"setCsrfCookie","decl":{"start":{"line":91,"column":9},"end":{"line":91,"column":22}},"loc":{"start":{"line":91,"column":35},"end":{"line":102,"column":1}},"line":91},"9":{"name":"csrfTokenRoute","decl":{"start":{"line":104,"column":9},"end":{"line":104,"column":23}},"loc":{"start":{"line":104,"column":34},"end":{"line":108,"column":1}},"line":104},"10":{"name":"csrfProtect","decl":{"start":{"line":110,"column":9},"end":{"line":110,"column":20}},"loc":{"start":{"line":110,"column":37},"end":{"line":128,"column":1}},"line":110}},"branchMap":{"0":{"loc":{"start":{"line":6,"column":2},"end":{"line":6,"column":46}},"type":"if","locations":[{"start":{"line":6,"column":2},"end":{"line":6,"column":46}},{"start":{},"end":{}}],"line":6},"1":{"loc":{"start":{"line":8,"column":2},"end":{"line":8,"column":48}},"type":"if","locations":[{"start":{"line":8,"column":2},"end":{"line":8,"column":48}},{"start":{},"end":{}}],"line":8},"2":{"loc":{"start":{"line":18,"column":2},"end":{"line":18,"column":50}},"type":"if","locations":[{"start":{"line":18,"column":2},"end":{"line":18,"column":50}},{"start":{},"end":{}}],"line":18},"3":{"loc":{"start":{"line":18,"column":6},"end":{"line":18,"column":37}},"type":"binary-expr","locations":[{"start":{"line":18,"column":6},"end":{"line":18,"column":10}},{"start":{"line":18,"column":14},"end":{"line":18,"column":37}}],"line":18},"4":{"loc":{"start":{"line":19,"column":20},"end":{"line":19,"column":48}},"type":"cond-expr","locations":[{"start":{"line":19,"column":41},"end":{"line":19,"column":43}},{"start":{"line":19,"column":46},"end":{"line":19,"column":48}}],"line":19},"5":{"loc":{"start":{"line":22,"column":4},"end":{"line":26,"column":5}},"type":"if","locations":[{"start":{"line":22,"column":4},"end":{"line":26,"column":5}},{"start":{"line":24,"column":11},"end":{"line":26,"column":5}}],"line":22},"6":{"loc":{"start":{"line":22,"column":8},"end":{"line":22,"column":38}},"type":"binary-expr","locations":[{"start":{"line":22,"column":8},"end":{"line":22,"column":11}},{"start":{"line":22,"column":15},"end":{"line":22,"column":38}}],"line":22},"7":{"loc":{"start":{"line":34,"column":4},"end":{"line":34,"column":54}},"type":"if","locations":[{"start":{"line":34,"column":4},"end":{"line":34,"column":54}},{"start":{},"end":{}}],"line":34},"8":{"loc":{"start":{"line":35,"column":4},"end":{"line":35,"column":57}},"type":"if","locations":[{"start":{"line":35,"column":4},"end":{"line":35,"column":57}},{"start":{},"end":{}}],"line":35},"9":{"loc":{"start":{"line":49,"column":17},"end":{"line":49,"column":44}},"type":"binary-expr","locations":[{"start":{"line":49,"column":17},"end":{"line":49,"column":38}},{"start":{"line":49,"column":42},"end":{"line":49,"column":44}}],"line":49},"10":{"loc":{"start":{"line":53,"column":4},"end":{"line":53,"column":19}},"type":"if","locations":[{"start":{"line":53,"column":4},"end":{"line":53,"column":19}},{"start":{},"end":{}}],"line":53},"11":{"loc":{"start":{"line":66,"column":17},"end":{"line":66,"column":87}},"type":"binary-expr","locations":[{"start":{"line":66,"column":17},"end":{"line":66,"column":46}},{"start":{"line":66,"column":50},"end":{"line":66,"column":72}},{"start":{"line":66,"column":76},"end":{"line":66,"column":87}}],"line":66},"12":{"loc":{"start":{"line":69,"column":18},"end":{"line":69,"column":67}},"type":"cond-expr","locations":[{"start":{"line":69,"column":38},"end":{"line":69,"column":62}},{"start":{"line":69,"column":65},"end":{"line":69,"column":67}}],"line":69},"13":{"loc":{"start":{"line":77,"column":19},"end":{"line":77,"column":89}},"type":"binary-expr","locations":[{"start":{"line":77,"column":19},"end":{"line":77,"column":48}},{"start":{"line":77,"column":52},"end":{"line":77,"column":74}},{"start":{"line":77,"column":78},"end":{"line":77,"column":89}}],"line":77},"14":{"loc":{"start":{"line":79,"column":4},"end":{"line":79,"column":41}},"type":"if","locations":[{"start":{"line":79,"column":4},"end":{"line":79,"column":41}},{"start":{},"end":{}}],"line":79},"15":{"loc":{"start":{"line":82,"column":4},"end":{"line":82,"column":60}},"type":"if","locations":[{"start":{"line":82,"column":4},"end":{"line":82,"column":60}},{"start":{},"end":{}}],"line":82},"16":{"loc":{"start":{"line":82,"column":8},"end":{"line":82,"column":45}},"type":"binary-expr","locations":[{"start":{"line":82,"column":8},"end":{"line":82,"column":11}},{"start":{"line":82,"column":15},"end":{"line":82,"column":45}}],"line":82},"17":{"loc":{"start":{"line":83,"column":20},"end":{"line":83,"column":69}},"type":"cond-expr","locations":[{"start":{"line":83,"column":40},"end":{"line":83,"column":64}},{"start":{"line":83,"column":67},"end":{"line":83,"column":69}}],"line":83},"18":{"loc":{"start":{"line":99,"column":2},"end":{"line":99,"column":35}},"type":"if","locations":[{"start":{"line":99,"column":2},"end":{"line":99,"column":35}},{"start":{},"end":{}}],"line":99},"19":{"loc":{"start":{"line":112,"column":2},"end":{"line":112,"column":78}},"type":"if","locations":[{"start":{"line":112,"column":2},"end":{"line":112,"column":78}},{"start":{},"end":{}}],"line":112},"20":{"loc":{"start":{"line":114,"column":2},"end":{"line":116,"column":3}},"type":"if","locations":[{"start":{"line":114,"column":2},"end":{"line":116,"column":3}},{"start":{},"end":{}}],"line":114},"21":{"loc":{"start":{"line":114,"column":6},"end":{"line":114,"column":87}},"type":"binary-expr","locations":[{"start":{"line":114,"column":6},"end":{"line":114,"column":28}},{"start":{"line":114,"column":32},"end":{"line":114,"column":40}},{"start":{"line":114,"column":44},"end":{"line":114,"column":87}}],"line":114},"22":{"loc":{"start":{"line":120,"column":2},"end":{"line":122,"column":3}},"type":"if","locations":[{"start":{"line":120,"column":2},"end":{"line":122,"column":3}},{"start":{},"end":{}}],"line":120},"23":{"loc":{"start":{"line":120,"column":6},"end":{"line":120,"column":34}},"type":"binary-expr","locations":[{"start":{"line":120,"column":6},"end":{"line":120,"column":18}},{"start":{"line":120,"column":22},"end":{"line":120,"column":34}}],"line":120},"24":{"loc":{"start":{"line":124,"column":2},"end":{"line":126,"column":3}},"type":"if","locations":[{"start":{"line":124,"column":2},"end":{"line":126,"column":3}},{"start":{},"end":{}}],"line":124},"25":{"loc":{"start":{"line":124,"column":6},"end":{"line":124,"column":71}},"type":"binary-expr","locations":[{"start":{"line":124,"column":6},"end":{"line":124,"column":33}},{"start":{"line":124,"column":37},"end":{"line":124,"column":71}}],"line":124}},"s":{"0":6,"1":6,"2":27,"3":0,"4":27,"5":0,"6":27,"7":27,"8":87,"9":0,"10":87,"11":87,"12":28,"13":28,"14":1,"15":27,"16":87,"17":43,"18":43,"19":43,"20":43,"21":43,"22":43,"23":0,"24":0,"25":6,"26":6,"27":6,"28":18,"29":18,"30":18,"31":63,"32":63,"33":0,"34":63,"35":18,"36":33,"37":33,"38":33,"39":15,"40":15,"41":15,"42":15,"43":15,"44":15,"45":15,"46":18,"47":18,"48":18,"49":18,"50":0,"51":18,"52":18,"53":18,"54":0,"55":18,"56":18,"57":18,"58":0,"59":15,"60":15,"61":15,"62":0,"63":15,"64":15,"65":15,"66":15,"67":25,"68":7,"69":18,"70":0,"71":18,"72":18,"73":18,"74":18,"75":0,"76":18,"77":0,"78":18,"79":6},"f":{"0":27,"1":87,"2":43,"3":18,"4":63,"5":33,"6":15,"7":18,"8":15,"9":15,"10":25},"b":{"0":[0,27],"1":[0,27],"2":[0,87],"3":[87,87],"4":[0,87],"5":[1,27],"6":[28,27],"7":[43,0],"8":[43,0],"9":[18,0],"10":[0,63],"11":[15,15,0],"12":[0,15],"13":[18,18,0],"14":[0,18],"15":[0,18],"16":[18,18],"17":[0,18],"18":[0,15],"19":[7,18],"20":[0,18],"21":[18,0,0],"22":[0,18],"23":[18,18],"24":[0,18],"25":[18,18]},"_coverageSchema":"1a1c01bbd47fc00a2c39e90264f33305004495a9","hash":"fb7acb932c52bf96383b85094c1f95c2cfb5e59f"}
,"C:\\Users\\hp\\Downloads\\CajasDelCampo\\middleware\\validation.js": {"path":"C:\\Users\\hp\\Downloads\\CajasDelCampo\\middleware\\validation.js","statementMap":{"0":{"start":{"line":1,"column":49},"end":{"line":1,"column":77}},"1":{"start":{"line":2,"column":26},"end":{"line":2,"column":60}},"2":{"start":{"line":5,"column":31},"end":{"line":15,"column":1}},"3":{"start":{"line":6,"column":17},"end":{"line":6,"column":38}},"4":{"start":{"line":7,"column":2},"end":{"line":13,"column":3}},"5":{"start":{"line":8,"column":4},"end":{"line":8,"column":39}},"6":{"start":{"line":9,"column":4},"end":{"line":12,"column":7}},"7":{"start":{"line":14,"column":2},"end":{"line":14,"column":9}},"8":{"start":{"line":18,"column":33},"end":{"line":43,"column":1}},"9":{"start":{"line":34,"column":6},"end":{"line":34,"column":80}},"10":{"start":{"line":34,"column":28},"end":{"line":34,"column":80}},"11":{"start":{"line":35,"column":6},"end":{"line":35,"column":111}},"12":{"start":{"line":35,"column":60},"end":{"line":35,"column":111}},"13":{"start":{"line":36,"column":6},"end":{"line":36,"column":18}},"14":{"start":{"line":45,"column":26},"end":{"line":54,"column":1}},"15":{"start":{"line":56,"column":27},"end":{"line":68,"column":1}},"16":{"start":{"line":71,"column":24},"end":{"line":102,"column":1}},"17":{"start":{"line":105,"column":24},"end":{"line":131,"column":1}},"18":{"start":{"line":115,"column":6},"end":{"line":117,"column":7}},"19":{"start":{"line":116,"column":8},"end":{"line":116,"column":50}},"20":{"start":{"line":118,"column":6},"end":{"line":118,"column":18}},"21":{"start":{"line":134,"column":31},"end":{"line":172,"column":1}},"22":{"start":{"line":146,"column":6},"end":{"line":148,"column":7}},"23":{"start":{"line":147,"column":8},"end":{"line":147,"column":50}},"24":{"start":{"line":149,"column":6},"end":{"line":149,"column":18}},"25":{"start":{"line":175,"column":29},"end":{"line":197,"column":1}},"26":{"start":{"line":188,"column":6},"end":{"line":190,"column":7}},"27":{"start":{"line":189,"column":8},"end":{"line":189,"column":50}},"28":{"start":{"line":191,"column":6},"end":{"line":191,"column":18}},"29":{"start":{"line":200,"column":22},"end":{"line":218,"column":1}},"30":{"start":{"line":208,"column":27},"end":{"line":208,"column":42}},"31":{"start":{"line":209,"column":20},"end":{"line":209,"column":30}},"32":{"start":{"line":210,"column":6},"end":{"line":210,"column":33}},"33":{"start":{"line":212,"column":6},"end":{"line":214,"column":7}},"34":{"start":{"line":213,"column":8},"end":{"line":213,"column":63}},"35":{"start":{"line":215,"column":6},"end":{"line":215,"column":18}},"36":{"start":{"line":221,"column":24},"end":{"line":236,"column":1}},"37":{"start":{"line":227,"column":6},"end":{"line":229,"column":7}},"38":{"start":{"line":228,"column":8},"end":{"line":228,"column":51}},"39":{"start":{"line":230,"column":6},"end":{"line":230,"column":18}},"40":{"start":{"line":239,"column":23},"end":{"line":264,"column":1}},"41":{"start":{"line":267,"column":30},"end":{"line":298,"column":1}},"42":{"start":{"line":301,"column":19},"end":{"line":306,"column":1}},"43":{"start":{"line":301,"column":41},"end":{"line":306,"column":1}},"44":{"start":{"line":309,"column":27},"end":{"line":319,"column":1}},"45":{"start":{"line":321,"column":32},"end":{"line":354,"column":1}},"46":{"start":{"line":337,"column":6},"end":{"line":337,"column":80}},"47":{"start":{"line":337,"column":28},"end":{"line":337,"column":80}},"48":{"start":{"line":338,"column":6},"end":{"line":338,"column":111}},"49":{"start":{"line":338,"column":60},"end":{"line":338,"column":111}},"50":{"start":{"line":339,"column":6},"end":{"line":339,"column":18}},"51":{"start":{"line":356,"column":32},"end":{"line":393,"column":1}},"52":{"start":{"line":387,"column":6},"end":{"line":387,"column":30}},"53":{"start":{"line":387,"column":18},"end":{"line":387,"column":30}},"54":{"start":{"line":388,"column":6},"end":{"line":388,"column":80}},"55":{"start":{"line":388,"column":28},"end":{"line":388,"column":80}},"56":{"start":{"line":389,"column":6},"end":{"line":389,"column":111}},"57":{"start":{"line":389,"column":60},"end":{"line":389,"column":111}},"58":{"start":{"line":390,"column":6},"end":{"line":390,"column":18}},"59":{"start":{"line":395,"column":33},"end":{"line":426,"column":1}},"60":{"start":{"line":429,"column":33},"end":{"line":470,"column":1}},"61":{"start":{"line":440,"column":27},"end":{"line":440,"column":42}},"62":{"start":{"line":441,"column":20},"end":{"line":441,"column":30}},"63":{"start":{"line":442,"column":6},"end":{"line":442,"column":33}},"64":{"start":{"line":444,"column":6},"end":{"line":446,"column":7}},"65":{"start":{"line":445,"column":8},"end":{"line":445,"column":63}},"66":{"start":{"line":447,"column":6},"end":{"line":447,"column":18}},"67":{"start":{"line":473,"column":33},"end":{"line":509,"column":1}},"68":{"start":{"line":483,"column":6},"end":{"line":483,"column":30}},"69":{"start":{"line":483,"column":18},"end":{"line":483,"column":30}},"70":{"start":{"line":484,"column":27},"end":{"line":484,"column":42}},"71":{"start":{"line":485,"column":20},"end":{"line":485,"column":30}},"72":{"start":{"line":486,"column":6},"end":{"line":486,"column":33}},"73":{"start":{"line":487,"column":6},"end":{"line":489,"column":7}},"74":{"start":{"line":488,"column":8},"end":{"line":488,"column":63}},"75":{"start":{"line":490,"column":6},"end":{"line":490,"column":18}},"76":{"start":{"line":512,"column":34},"end":{"line":548,"column":1}},"77":{"start":{"line":522,"column":6},"end":{"line":522,"column":30}},"78":{"start":{"line":522,"column":18},"end":{"line":522,"column":30}},"79":{"start":{"line":523,"column":27},"end":{"line":523,"column":42}},"80":{"start":{"line":524,"column":20},"end":{"line":524,"column":30}},"81":{"start":{"line":525,"column":6},"end":{"line":525,"column":33}},"82":{"start":{"line":526,"column":6},"end":{"line":528,"column":7}},"83":{"start":{"line":527,"column":8},"end":{"line":527,"column":63}},"84":{"start":{"line":529,"column":6},"end":{"line":529,"column":18}},"85":{"start":{"line":550,"column":0},"end":{"line":571,"column":2}}},"fnMap":{"0":{"name":"(anonymous_0)","decl":{"start":{"line":5,"column":31},"end":{"line":5,"column":32}},"loc":{"start":{"line":5,"column":51},"end":{"line":15,"column":1}},"line":5},"1":{"name":"(anonymous_1)","decl":{"start":{"line":33,"column":12},"end":{"line":33,"column":13}},"loc":{"start":{"line":33,"column":32},"end":{"line":37,"column":5}},"line":33},"2":{"name":"(anonymous_2)","decl":{"start":{"line":114,"column":12},"end":{"line":114,"column":13}},"loc":{"start":{"line":114,"column":23},"end":{"line":119,"column":5}},"line":114},"3":{"name":"(anonymous_3)","decl":{"start":{"line":145,"column":12},"end":{"line":145,"column":13}},"loc":{"start":{"line":145,"column":23},"end":{"line":150,"column":5}},"line":145},"4":{"name":"(anonymous_4)","decl":{"start":{"line":187,"column":12},"end":{"line":187,"column":13}},"loc":{"start":{"line":187,"column":23},"end":{"line":192,"column":5}},"line":187},"5":{"name":"(anonymous_5)","decl":{"start":{"line":207,"column":12},"end":{"line":207,"column":13}},"loc":{"start":{"line":207,"column":23},"end":{"line":216,"column":5}},"line":207},"6":{"name":"(anonymous_6)","decl":{"start":{"line":226,"column":12},"end":{"line":226,"column":13}},"loc":{"start":{"line":226,"column":23},"end":{"line":231,"column":5}},"line":226},"7":{"name":"(anonymous_7)","decl":{"start":{"line":301,"column":19},"end":{"line":301,"column":20}},"loc":{"start":{"line":301,"column":41},"end":{"line":306,"column":1}},"line":301},"8":{"name":"(anonymous_8)","decl":{"start":{"line":336,"column":12},"end":{"line":336,"column":13}},"loc":{"start":{"line":336,"column":32},"end":{"line":340,"column":5}},"line":336},"9":{"name":"(anonymous_9)","decl":{"start":{"line":386,"column":12},"end":{"line":386,"column":13}},"loc":{"start":{"line":386,"column":32},"end":{"line":391,"column":5}},"line":386},"10":{"name":"(anonymous_10)","decl":{"start":{"line":439,"column":12},"end":{"line":439,"column":13}},"loc":{"start":{"line":439,"column":23},"end":{"line":448,"column":5}},"line":439},"11":{"name":"(anonymous_11)","decl":{"start":{"line":482,"column":12},"end":{"line":482,"column":13}},"loc":{"start":{"line":482,"column":23},"end":{"line":491,"column":5}},"line":482},"12":{"name":"(anonymous_12)","decl":{"start":{"line":521,"column":12},"end":{"line":521,"column":13}},"loc":{"start":{"line":521,"column":23},"end":{"line":530,"column":5}},"line":521}},"branchMap":{"0":{"loc":{"start":{"line":7,"column":2},"end":{"line":13,"column":3}},"type":"if","locations":[{"start":{"line":7,"column":2},"end":{"line":13,"column":3}},{"start":{},"end":{}}],"line":7},"1":{"loc":{"start":{"line":34,"column":6},"end":{"line":34,"column":80}},"type":"if","locations":[{"start":{"line":34,"column":6},"end":{"line":34,"column":80}},{"start":{},"end":{}}],"line":34},"2":{"loc":{"start":{"line":35,"column":6},"end":{"line":35,"column":111}},"type":"if","locations":[{"start":{"line":35,"column":6},"end":{"line":35,"column":111}},{"start":{},"end":{}}],"line":35},"3":{"loc":{"start":{"line":35,"column":10},"end":{"line":35,"column":58}},"type":"binary-expr","locations":[{"start":{"line":35,"column":10},"end":{"line":35,"column":24}},{"start":{"line":35,"column":28},"end":{"line":35,"column":58}}],"line":35},"4":{"loc":{"start":{"line":115,"column":6},"end":{"line":117,"column":7}},"type":"if","locations":[{"start":{"line":115,"column":6},"end":{"line":117,"column":7}},{"start":{},"end":{}}],"line":115},"5":{"loc":{"start":{"line":146,"column":6},"end":{"line":148,"column":7}},"type":"if","locations":[{"start":{"line":146,"column":6},"end":{"line":148,"column":7}},{"start":{},"end":{}}],"line":146},"6":{"loc":{"start":{"line":146,"column":10},"end":{"line":146,"column":70}},"type":"binary-expr","locations":[{"start":{"line":146,"column":10},"end":{"line":146,"column":29}},{"start":{"line":146,"column":33},"end":{"line":146,"column":45}},{"start":{"line":146,"column":49},"end":{"line":146,"column":70}}],"line":146},"7":{"loc":{"start":{"line":188,"column":6},"end":{"line":190,"column":7}},"type":"if","locations":[{"start":{"line":188,"column":6},"end":{"line":190,"column":7}},{"start":{},"end":{}}],"line":188},"8":{"loc":{"start":{"line":212,"column":6},"end":{"line":214,"column":7}},"type":"if","locations":[{"start":{"line":212,"column":6},"end":{"line":214,"column":7}},{"start":{},"end":{}}],"line":212},"9":{"loc":{"start":{"line":227,"column":6},"end":{"line":229,"column":7}},"type":"if","locations":[{"start":{"line":227,"column":6},"end":{"line":229,"column":7}},{"start":{},"end":{}}],"line":227},"10":{"loc":{"start":{"line":227,"column":10},"end":{"line":227,"column":41}},"type":"binary-expr","locations":[{"start":{"line":227,"column":10},"end":{"line":227,"column":15}},{"start":{"line":227,"column":19},"end":{"line":227,"column":41}}],"line":227},"11":{"loc":{"start":{"line":301,"column":20},"end":{"line":301,"column":36}},"type":"default-arg","locations":[{"start":{"line":301,"column":32},"end":{"line":301,"column":36}}],"line":301},"12":{"loc":{"start":{"line":337,"column":6},"end":{"line":337,"column":80}},"type":"if","locations":[{"start":{"line":337,"column":6},"end":{"line":337,"column":80}},{"start":{},"end":{}}],"line":337},"13":{"loc":{"start":{"line":338,"column":6},"end":{"line":338,"column":111}},"type":"if","locations":[{"start":{"line":338,"column":6},"end":{"line":338,"column":111}},{"start":{},"end":{}}],"line":338},"14":{"loc":{"start":{"line":338,"column":10},"end":{"line":338,"column":58}},"type":"binary-expr","locations":[{"start":{"line":338,"column":10},"end":{"line":338,"column":24}},{"start":{"line":338,"column":28},"end":{"line":338,"column":58}}],"line":338},"15":{"loc":{"start":{"line":387,"column":6},"end":{"line":387,"column":30}},"type":"if","locations":[{"start":{"line":387,"column":6},"end":{"line":387,"column":30}},{"start":{},"end":{}}],"line":387},"16":{"loc":{"start":{"line":388,"column":6},"end":{"line":388,"column":80}},"type":"if","locations":[{"start":{"line":388,"column":6},"end":{"line":388,"column":80}},{"start":{},"end":{}}],"line":388},"17":{"loc":{"start":{"line":389,"column":6},"end":{"line":389,"column":111}},"type":"if","locations":[{"start":{"line":389,"column":6},"end":{"line":389,"column":111}},{"start":{},"end":{}}],"line":389},"18":{"loc":{"start":{"line":389,"column":10},"end":{"line":389,"column":58}},"type":"binary-expr","locations":[{"start":{"line":389,"column":10},"end":{"line":389,"column":24}},{"start":{"line":389,"column":28},"end":{"line":389,"column":58}}],"line":389},"19":{"loc":{"start":{"line":444,"column":6},"end":{"line":446,"column":7}},"type":"if","locations":[{"start":{"line":444,"column":6},"end":{"line":446,"column":7}},{"start":{},"end":{}}],"line":444},"20":{"loc":{"start":{"line":483,"column":6},"end":{"line":483,"column":30}},"type":"if","locations":[{"start":{"line":483,"column":6},"end":{"line":483,"column":30}},{"start":{},"end":{}}],"line":483},"21":{"loc":{"start":{"line":487,"column":6},"end":{"line":489,"column":7}},"type":"if","locations":[{"start":{"line":487,"column":6},"end":{"line":489,"column":7}},{"start":{},"end":{}}],"line":487},"22":{"loc":{"start":{"line":522,"column":6},"end":{"line":522,"column":30}},"type":"if","locations":[{"start":{"line":522,"column":6},"end":{"line":522,"column":30}},{"start":{},"end":{}}],"line":522},"23":{"loc":{"start":{"line":526,"column":6},"end":{"line":528,"column":7}},"type":"if","locations":[{"start":{"line":526,"column":6},"end":{"line":528,"column":7}},{"start":{},"end":{}}],"line":526}},"s":{"0":6,"1":6,"2":6,"3":24,"4":24,"5":4,"6":4,"7":20,"8":6,"9":4,"10":0,"11":4,"12":0,"13":4,"14":6,"15":6,"16":6,"17":6,"18":5,"19":1,"20":4,"21":6,"22":1,"23":0,"24":1,"25":6,"26":0,"27":0,"28":0,"29":6,"30":0,"31":0,"32":0,"33":0,"34":0,"35":0,"36":6,"37":0,"38":0,"39":0,"40":6,"41":6,"42":6,"43":306,"44":6,"45":6,"46":0,"47":0,"48":0,"49":0,"50":0,"51":6,"52":0,"53":0,"54":0,"55":0,"56":0,"57":0,"58":0,"59":6,"60":6,"61":0,"62":0,"63":0,"64":0,"65":0,"66":0,"67":6,"68":0,"69":0,"70":0,"71":0,"72":0,"73":0,"74":0,"75":0,"76":6,"77":0,"78":0,"79":0,"80":0,"81":0,"82":0,"83":0,"84":0,"85":6},"f":{"0":24,"1":4,"2":5,"3":1,"4":0,"5":0,"6":0,"7":306,"8":0,"9":0,"10":0,"11":0,"12":0},"b":{"0":[4,20],"1":[0,4],"2":[0,4],"3":[4,4],"4":[1,4],"5":[0,1],"6":[1,1,1],"7":[0,0],"8":[0,0],"9":[0,0],"10":[0,0],"11":[0],"12":[0,0],"13":[0,0],"14":[0,0],"15":[0,0],"16":[0,0],"17":[0,0],"18":[0,0],"19":[0,0],"20":[0,0],"21":[0,0],"22":[0,0],"23":[0,0]},"_coverageSchema":"1a1c01bbd47fc00a2c39e90264f33305004495a9","hash":"941a69d37a82ab93ca49f9436c3ec3b6333cc779"}
,"C:\\Users\\hp\\Downloads\\CajasDelCampo\\routes\\admin.js": {"path":"C:\\Users\\hp\\Downloads\\CajasDelCampo\\routes\\admin.js","statementMap":{"0":{"start":{"line":1,"column":16},"end":{"line":1,"column":34}},"1":{"start":{"line":2,"column":73},"end":{"line":2,"column":93}},"2":{"start":{"line":3,"column":44},"end":{"line":3,"column":73}},"3":{"start":{"line":4,"column":31},"end":{"line":4,"column":66}},"4":{"start":{"line":5,"column":15},"end":{"line":5,"column":35}},"5":{"start":{"line":7,"column":15},"end":{"line":7,"column":31}},"6":{"start":{"line":10,"column":0},"end":{"line":48,"column":3}},"7":{"start":{"line":11,"column":2},"end":{"line":47,"column":3}},"8":{"start":{"line":12,"column":4},"end":{"line":43,"column":7}},"9":{"start":{"line":45,"column":4},"end":{"line":45,"column":49}},"10":{"start":{"line":46,"column":4},"end":{"line":46,"column":75}},"11":{"start":{"line":51,"column":0},"end":{"line":106,"column":3}},"12":{"start":{"line":52,"column":2},"end":{"line":105,"column":3}},"13":{"start":{"line":53,"column":17},"end":{"line":53,"column":46}},"14":{"start":{"line":54,"column":18},"end":{"line":54,"column":49}},"15":{"start":{"line":55,"column":19},"end":{"line":55,"column":37}},"16":{"start":{"line":56,"column":40},"end":{"line":56,"column":49}},"17":{"start":{"line":58,"column":24},"end":{"line":58,"column":26}},"18":{"start":{"line":60,"column":4},"end":{"line":65,"column":5}},"19":{"start":{"line":61,"column":6},"end":{"line":64,"column":8}},"20":{"start":{"line":67,"column":4},"end":{"line":67,"column":38}},"21":{"start":{"line":67,"column":14},"end":{"line":67,"column":38}},"22":{"start":{"line":68,"column":4},"end":{"line":68,"column":78}},"23":{"start":{"line":68,"column":33},"end":{"line":68,"column":78}},"24":{"start":{"line":70,"column":35},"end":{"line":90,"column":6}},"25":{"start":{"line":92,"column":4},"end":{"line":101,"column":7}},"26":{"start":{"line":103,"column":4},"end":{"line":103,"column":45}},"27":{"start":{"line":104,"column":4},"end":{"line":104,"column":66}},"28":{"start":{"line":109,"column":0},"end":{"line":168,"column":3}},"29":{"start":{"line":110,"column":2},"end":{"line":167,"column":3}},"30":{"start":{"line":111,"column":17},"end":{"line":111,"column":46}},"31":{"start":{"line":112,"column":18},"end":{"line":112,"column":49}},"32":{"start":{"line":113,"column":19},"end":{"line":113,"column":37}},"33":{"start":{"line":114,"column":52},"end":{"line":114,"column":61}},"34":{"start":{"line":116,"column":24},"end":{"line":116,"column":26}},"35":{"start":{"line":118,"column":4},"end":{"line":118,"column":44}},"36":{"start":{"line":118,"column":16},"end":{"line":118,"column":44}},"37":{"start":{"line":119,"column":4},"end":{"line":119,"column":47}},"38":{"start":{"line":119,"column":17},"end":{"line":119,"column":47}},"39":{"start":{"line":121,"column":4},"end":{"line":125,"column":5}},"40":{"start":{"line":122,"column":6},"end":{"line":122,"column":34}},"41":{"start":{"line":123,"column":6},"end":{"line":123,"column":74}},"42":{"start":{"line":123,"column":21},"end":{"line":123,"column":74}},"43":{"start":{"line":124,"column":6},"end":{"line":124,"column":70}},"44":{"start":{"line":124,"column":19},"end":{"line":124,"column":70}},"45":{"start":{"line":127,"column":36},"end":{"line":152,"column":6}},"46":{"start":{"line":154,"column":4},"end":{"line":163,"column":7}},"47":{"start":{"line":165,"column":4},"end":{"line":165,"column":46}},"48":{"start":{"line":166,"column":4},"end":{"line":166,"column":67}},"49":{"start":{"line":171,"column":0},"end":{"line":219,"column":3}},"50":{"start":{"line":172,"column":2},"end":{"line":218,"column":3}},"51":{"start":{"line":173,"column":17},"end":{"line":173,"column":46}},"52":{"start":{"line":174,"column":18},"end":{"line":174,"column":49}},"53":{"start":{"line":175,"column":19},"end":{"line":175,"column":37}},"54":{"start":{"line":176,"column":43},"end":{"line":176,"column":52}},"55":{"start":{"line":178,"column":24},"end":{"line":178,"column":26}},"56":{"start":{"line":180,"column":4},"end":{"line":180,"column":44}},"57":{"start":{"line":180,"column":16},"end":{"line":180,"column":44}},"58":{"start":{"line":181,"column":4},"end":{"line":181,"column":53}},"59":{"start":{"line":181,"column":19},"end":{"line":181,"column":53}},"60":{"start":{"line":182,"column":4},"end":{"line":182,"column":47}},"61":{"start":{"line":182,"column":17},"end":{"line":182,"column":47}},"62":{"start":{"line":184,"column":43},"end":{"line":203,"column":6}},"63":{"start":{"line":205,"column":4},"end":{"line":214,"column":7}},"64":{"start":{"line":216,"column":4},"end":{"line":216,"column":53}},"65":{"start":{"line":217,"column":4},"end":{"line":217,"column":74}},"66":{"start":{"line":222,"column":0},"end":{"line":263,"column":3}},"67":{"start":{"line":223,"column":2},"end":{"line":262,"column":3}},"68":{"start":{"line":224,"column":17},"end":{"line":224,"column":46}},"69":{"start":{"line":225,"column":18},"end":{"line":225,"column":49}},"70":{"start":{"line":226,"column":19},"end":{"line":226,"column":37}},"71":{"start":{"line":227,"column":50},"end":{"line":227,"column":59}},"72":{"start":{"line":229,"column":24},"end":{"line":229,"column":26}},"73":{"start":{"line":231,"column":4},"end":{"line":231,"column":50}},"74":{"start":{"line":231,"column":18},"end":{"line":231,"column":50}},"75":{"start":{"line":232,"column":4},"end":{"line":232,"column":87}},"76":{"start":{"line":232,"column":36},"end":{"line":232,"column":87}},"77":{"start":{"line":233,"column":4},"end":{"line":233,"column":53}},"78":{"start":{"line":233,"column":19},"end":{"line":233,"column":53}},"79":{"start":{"line":235,"column":38},"end":{"line":247,"column":6}},"80":{"start":{"line":249,"column":4},"end":{"line":258,"column":7}},"81":{"start":{"line":260,"column":4},"end":{"line":260,"column":48}},"82":{"start":{"line":261,"column":4},"end":{"line":261,"column":69}},"83":{"start":{"line":266,"column":0},"end":{"line":307,"column":3}},"84":{"start":{"line":267,"column":2},"end":{"line":306,"column":3}},"85":{"start":{"line":268,"column":17},"end":{"line":268,"column":46}},"86":{"start":{"line":269,"column":18},"end":{"line":269,"column":49}},"87":{"start":{"line":270,"column":19},"end":{"line":270,"column":37}},"88":{"start":{"line":271,"column":36},"end":{"line":271,"column":45}},"89":{"start":{"line":273,"column":24},"end":{"line":273,"column":26}},"90":{"start":{"line":275,"column":4},"end":{"line":275,"column":72}},"91":{"start":{"line":275,"column":18},"end":{"line":275,"column":72}},"92":{"start":{"line":276,"column":4},"end":{"line":276,"column":78}},"93":{"start":{"line":276,"column":33},"end":{"line":276,"column":78}},"94":{"start":{"line":278,"column":37},"end":{"line":291,"column":6}},"95":{"start":{"line":293,"column":4},"end":{"line":302,"column":7}},"96":{"start":{"line":304,"column":4},"end":{"line":304,"column":47}},"97":{"start":{"line":305,"column":4},"end":{"line":305,"column":68}},"98":{"start":{"line":310,"column":0},"end":{"line":362,"column":3}},"99":{"start":{"line":311,"column":2},"end":{"line":361,"column":3}},"100":{"start":{"line":312,"column":17},"end":{"line":312,"column":46}},"101":{"start":{"line":313,"column":18},"end":{"line":313,"column":49}},"102":{"start":{"line":314,"column":19},"end":{"line":314,"column":37}},"103":{"start":{"line":315,"column":59},"end":{"line":315,"column":68}},"104":{"start":{"line":317,"column":24},"end":{"line":317,"column":26}},"105":{"start":{"line":319,"column":4},"end":{"line":319,"column":44}},"106":{"start":{"line":319,"column":16},"end":{"line":319,"column":44}},"107":{"start":{"line":320,"column":4},"end":{"line":320,"column":68}},"108":{"start":{"line":320,"column":24},"end":{"line":320,"column":68}},"109":{"start":{"line":322,"column":4},"end":{"line":326,"column":5}},"110":{"start":{"line":323,"column":6},"end":{"line":323,"column":36}},"111":{"start":{"line":324,"column":6},"end":{"line":324,"column":76}},"112":{"start":{"line":324,"column":21},"end":{"line":324,"column":76}},"113":{"start":{"line":325,"column":6},"end":{"line":325,"column":72}},"114":{"start":{"line":325,"column":19},"end":{"line":325,"column":72}},"115":{"start":{"line":328,"column":38},"end":{"line":346,"column":6}},"116":{"start":{"line":348,"column":4},"end":{"line":357,"column":7}},"117":{"start":{"line":359,"column":4},"end":{"line":359,"column":48}},"118":{"start":{"line":360,"column":4},"end":{"line":360,"column":69}},"119":{"start":{"line":365,"column":0},"end":{"line":500,"column":3}},"120":{"start":{"line":366,"column":2},"end":{"line":499,"column":3}},"121":{"start":{"line":367,"column":33},"end":{"line":367,"column":42}},"122":{"start":{"line":370,"column":16},"end":{"line":370,"column":26}},"123":{"start":{"line":373,"column":4},"end":{"line":388,"column":5}},"124":{"start":{"line":375,"column":8},"end":{"line":375,"column":79}},"125":{"start":{"line":376,"column":8},"end":{"line":376,"column":14}},"126":{"start":{"line":378,"column":8},"end":{"line":378,"column":70}},"127":{"start":{"line":379,"column":8},"end":{"line":379,"column":14}},"128":{"start":{"line":381,"column":8},"end":{"line":381,"column":67}},"129":{"start":{"line":382,"column":8},"end":{"line":382,"column":14}},"130":{"start":{"line":384,"column":8},"end":{"line":384,"column":54}},"131":{"start":{"line":385,"column":8},"end":{"line":385,"column":14}},"132":{"start":{"line":387,"column":8},"end":{"line":387,"column":67}},"133":{"start":{"line":399,"column":8},"end":{"line":472,"column":6}},"134":{"start":{"line":474,"column":4},"end":{"line":495,"column":7}},"135":{"start":{"line":497,"column":4},"end":{"line":497,"column":45}},"136":{"start":{"line":498,"column":4},"end":{"line":498,"column":71}},"137":{"start":{"line":502,"column":0},"end":{"line":502,"column":24}}},"fnMap":{"0":{"name":"(anonymous_0)","decl":{"start":{"line":10,"column":58},"end":{"line":10,"column":59}},"loc":{"start":{"line":10,"column":78},"end":{"line":48,"column":1}},"line":10},"1":{"name":"(anonymous_1)","decl":{"start":{"line":51,"column":74},"end":{"line":51,"column":75}},"loc":{"start":{"line":51,"column":94},"end":{"line":106,"column":1}},"line":51},"2":{"name":"(anonymous_2)","decl":{"start":{"line":109,"column":75},"end":{"line":109,"column":76}},"loc":{"start":{"line":109,"column":95},"end":{"line":168,"column":1}},"line":109},"3":{"name":"(anonymous_3)","decl":{"start":{"line":171,"column":82},"end":{"line":171,"column":83}},"loc":{"start":{"line":171,"column":102},"end":{"line":219,"column":1}},"line":171},"4":{"name":"(anonymous_4)","decl":{"start":{"line":222,"column":77},"end":{"line":222,"column":78}},"loc":{"start":{"line":222,"column":97},"end":{"line":263,"column":1}},"line":222},"5":{"name":"(anonymous_5)","decl":{"start":{"line":266,"column":76},"end":{"line":266,"column":77}},"loc":{"start":{"line":266,"column":96},"end":{"line":307,"column":1}},"line":266},"6":{"name":"(anonymous_6)","decl":{"start":{"line":310,"column":77},"end":{"line":310,"column":78}},"loc":{"start":{"line":310,"column":97},"end":{"line":362,"column":1}},"line":310},"7":{"name":"(anonymous_7)","decl":{"start":{"line":365,"column":54},"end":{"line":365,"column":55}},"loc":{"start":{"line":365,"column":74},"end":{"line":500,"column":1}},"line":365}},"branchMap":{"0":{"loc":{"start":{"line":53,"column":17},"end":{"line":53,"column":46}},"type":"binary-expr","locations":[{"start":{"line":53,"column":17},"end":{"line":53,"column":41}},{"start":{"line":53,"column":45},"end":{"line":53,"column":46}}],"line":53},"1":{"loc":{"start":{"line":54,"column":18},"end":{"line":54,"column":49}},"type":"binary-expr","locations":[{"start":{"line":54,"column":18},"end":{"line":54,"column":43}},{"start":{"line":54,"column":47},"end":{"line":54,"column":49}}],"line":54},"2":{"loc":{"start":{"line":60,"column":4},"end":{"line":65,"column":5}},"type":"if","locations":[{"start":{"line":60,"column":4},"end":{"line":65,"column":5}},{"start":{},"end":{}}],"line":60},"3":{"loc":{"start":{"line":67,"column":4},"end":{"line":67,"column":38}},"type":"if","locations":[{"start":{"line":67,"column":4},"end":{"line":67,"column":38}},{"start":{},"end":{}}],"line":67},"4":{"loc":{"start":{"line":68,"column":4},"end":{"line":68,"column":78}},"type":"if","locations":[{"start":{"line":68,"column":4},"end":{"line":68,"column":78}},{"start":{},"end":{}}],"line":68},"5":{"loc":{"start":{"line":111,"column":17},"end":{"line":111,"column":46}},"type":"binary-expr","locations":[{"start":{"line":111,"column":17},"end":{"line":111,"column":41}},{"start":{"line":111,"column":45},"end":{"line":111,"column":46}}],"line":111},"6":{"loc":{"start":{"line":112,"column":18},"end":{"line":112,"column":49}},"type":"binary-expr","locations":[{"start":{"line":112,"column":18},"end":{"line":112,"column":43}},{"start":{"line":112,"column":47},"end":{"line":112,"column":49}}],"line":112},"7":{"loc":{"start":{"line":118,"column":4},"end":{"line":118,"column":44}},"type":"if","locations":[{"start":{"line":118,"column":4},"end":{"line":118,"column":44}},{"start":{},"end":{}}],"line":118},"8":{"loc":{"start":{"line":119,"column":4},"end":{"line":119,"column":47}},"type":"if","locations":[{"start":{"line":119,"column":4},"end":{"line":119,"column":47}},{"start":{},"end":{}}],"line":119},"9":{"loc":{"start":{"line":121,"column":4},"end":{"line":125,"column":5}},"type":"if","locations":[{"start":{"line":121,"column":4},"end":{"line":125,"column":5}},{"start":{},"end":{}}],"line":121},"10":{"loc":{"start":{"line":121,"column":8},"end":{"line":121,"column":28}},"type":"binary-expr","locations":[{"start":{"line":121,"column":8},"end":{"line":121,"column":17}},{"start":{"line":121,"column":21},"end":{"line":121,"column":28}}],"line":121},"11":{"loc":{"start":{"line":123,"column":6},"end":{"line":123,"column":74}},"type":"if","locations":[{"start":{"line":123,"column":6},"end":{"line":123,"column":74}},{"start":{},"end":{}}],"line":123},"12":{"loc":{"start":{"line":124,"column":6},"end":{"line":124,"column":70}},"type":"if","locations":[{"start":{"line":124,"column":6},"end":{"line":124,"column":70}},{"start":{},"end":{}}],"line":124},"13":{"loc":{"start":{"line":173,"column":17},"end":{"line":173,"column":46}},"type":"binary-expr","locations":[{"start":{"line":173,"column":17},"end":{"line":173,"column":41}},{"start":{"line":173,"column":45},"end":{"line":173,"column":46}}],"line":173},"14":{"loc":{"start":{"line":174,"column":18},"end":{"line":174,"column":49}},"type":"binary-expr","locations":[{"start":{"line":174,"column":18},"end":{"line":174,"column":43}},{"start":{"line":174,"column":47},"end":{"line":174,"column":49}}],"line":174},"15":{"loc":{"start":{"line":180,"column":4},"end":{"line":180,"column":44}},"type":"if","locations":[{"start":{"line":180,"column":4},"end":{"line":180,"column":44}},{"start":{},"end":{}}],"line":180},"16":{"loc":{"start":{"line":181,"column":4},"end":{"line":181,"column":53}},"type":"if","locations":[{"start":{"line":181,"column":4},"end":{"line":181,"column":53}},{"start":{},"end":{}}],"line":181},"17":{"loc":{"start":{"line":182,"column":4},"end":{"line":182,"column":47}},"type":"if","locations":[{"start":{"line":182,"column":4},"end":{"line":182,"column":47}},{"start":{},"end":{}}],"line":182},"18":{"loc":{"start":{"line":224,"column":17},"end":{"line":224,"column":46}},"type":"binary-expr","locations":[{"start":{"line":224,"column":17},"end":{"line":224,"column":41}},{"start":{"line":224,"column":45},"end":{"line":224,"column":46}}],"line":224},"19":{"loc":{"start":{"line":225,"column":18},"end":{"line":225,"column":49}},"type":"binary-expr","locations":[{"start":{"line":225,"column":18},"end":{"line":225,"column":43}},{"start":{"line":225,"column":47},"end":{"line":225,"column":49}}],"line":225},"20":{"loc":{"start":{"line":231,"column":4},"end":{"line":231,"column":50}},"type":"if","locations":[{"start":{"line":231,"column":4},"end":{"line":231,"column":50}},{"start":{},"end":{}}],"line":231},"21":{"loc":{"start":{"line":232,"column":4},"end":{"line":232,"column":87}},"type":"if","locations":[{"start":{"line":232,"column":4},"end":{"line":232,"column":87}},{"start":{},"end":{}}],"line":232},"22":{"loc":{"start":{"line":233,"column":4},"end":{"line":233,"column":53}},"type":"if","locations":[{"start":{"line":233,"column":4},"end":{"line":233,"column":53}},{"start":{},"end":{}}],"line":233},"23":{"loc":{"start":{"line":268,"column":17},"end":{"line":268,"column":46}},"type":"binary-expr","locations":[{"start":{"line":268,"column":17},"end":{"line":268,"column":41}},{"start":{"line":268,"column":45},"end":{"line":268,"column":46}}],"line":268},"24":{"loc":{"start":{"line":269,"column":18},"end":{"line":269,"column":49}},"type":"binary-expr","locations":[{"start":{"line":269,"column":18},"end":{"line":269,"column":43}},{"start":{"line":269,"column":47},"end":{"line":269,"column":49}}],"line":269},"25":{"loc":{"start":{"line":275,"column":4},"end":{"line":275,"column":72}},"type":"if","locations":[{"start":{"line":275,"column":4},"end":{"line":275,"column":72}},{"start":{},"end":{}}],"line":275},"26":{"loc":{"start":{"line":276,"column":4},"end":{"line":276,"column":78}},"type":"if","locations":[{"start":{"line":276,"column":4},"end":{"line":276,"column":78}},{"start":{},"end":{}}],"line":276},"27":{"loc":{"start":{"line":312,"column":17},"end":{"line":312,"column":46}},"type":"binary-expr","locations":[{"start":{"line":312,"column":17},"end":{"line":312,"column":41}},{"start":{"line":312,"column":45},"end":{"line":312,"column":46}}],"line":312},"28":{"loc":{"start":{"line":313,"column":18},"end":{"line":313,"column":49}},"type":"binary-expr","locations":[{"start":{"line":313,"column":18},"end":{"line":313,"column":43}},{"start":{"line":313,"column":47},"end":{"line":313,"column":49}}],"line":313},"29":{"loc":{"start":{"line":319,"column":4},"end":{"line":319,"column":44}},"type":"if","locations":[{"start":{"line":319,"column":4},"end":{"line":319,"column":44}},{"start":{},"end":{}}],"line":319},"30":{"loc":{"start":{"line":320,"column":4},"end":{"line":320,"column":68}},"type":"if","locations":[{"start":{"line":320,"column":4},"end":{"line":320,"column":68}},{"start":{},"end":{}}],"line":320},"31":{"loc":{"start":{"line":322,"column":4},"end":{"line":326,"column":5}},"type":"if","locations":[{"start":{"line":322,"column":4},"end":{"line":326,"column":5}},{"start":{},"end":{}}],"line":322},"32":{"loc":{"start":{"line":322,"column":8},"end":{"line":322,"column":28}},"type":"binary-expr","locations":[{"start":{"line":322,"column":8},"end":{"line":322,"column":17}},{"start":{"line":322,"column":21},"end":{"line":322,"column":28}}],"line":322},"33":{"loc":{"start":{"line":324,"column":6},"end":{"line":324,"column":76}},"type":"if","locations":[{"start":{"line":324,"column":6},"end":{"line":324,"column":76}},{"start":{},"end":{}}],"line":324},"34":{"loc":{"start":{"line":325,"column":6},"end":{"line":325,"column":72}},"type":"if","locations":[{"start":{"line":325,"column":6},"end":{"line":325,"column":72}},{"start":{},"end":{}}],"line":325},"35":{"loc":{"start":{"line":367,"column":12},"end":{"line":367,"column":28}},"type":"default-arg","locations":[{"start":{"line":367,"column":21},"end":{"line":367,"column":28}}],"line":367},"36":{"loc":{"start":{"line":373,"column":4},"end":{"line":388,"column":5}},"type":"switch","locations":[{"start":{"line":374,"column":6},"end":{"line":376,"column":14}},{"start":{"line":377,"column":6},"end":{"line":379,"column":14}},{"start":{"line":380,"column":6},"end":{"line":382,"column":14}},{"start":{"line":383,"column":6},"end":{"line":385,"column":14}},{"start":{"line":386,"column":6},"end":{"line":387,"column":67}}],"line":373},"37":{"loc":{"start":{"line":401,"column":6},"end":{"line":406,"column":13}},"type":"binary-expr","locations":[{"start":{"line":401,"column":6},"end":{"line":406,"column":8}},{"start":{"line":406,"column":12},"end":{"line":406,"column":13}}],"line":401},"38":{"loc":{"start":{"line":484,"column":25},"end":{"line":484,"column":54}},"type":"binary-expr","locations":[{"start":{"line":484,"column":25},"end":{"line":484,"column":49}},{"start":{"line":484,"column":53},"end":{"line":484,"column":54}}],"line":484}},"s":{"0":6,"1":6,"2":6,"3":6,"4":6,"5":6,"6":6,"7":0,"8":0,"9":0,"10":0,"11":6,"12":0,"13":0,"14":0,"15":0,"16":0,"17":0,"18":0,"19":0,"20":0,"21":0,"22":0,"23":0,"24":0,"25":0,"26":0,"27":0,"28":6,"29":0,"30":0,"31":0,"32":0,"33":0,"34":0,"35":0,"36":0,"37":0,"38":0,"39":0,"40":0,"41":0,"42":0,"43":0,"44":0,"45":0,"46":0,"47":0,"48":0,"49":6,"50":0,"51":0,"52":0,"53":0,"54":0,"55":0,"56":0,"57":0,"58":0,"59":0,"60":0,"61":0,"62":0,"63":0,"64":0,"65":0,"66":6,"67":0,"68":0,"69":0,"70":0,"71":0,"72":0,"73":0,"74":0,"75":0,"76":0,"77":0,"78":0,"79":0,"80":0,"81":0,"82":0,"83":6,"84":0,"85":0,"86":0,"87":0,"88":0,"89":0,"90":0,"91":0,"92":0,"93":0,"94":0,"95":0,"96":0,"97":0,"98":6,"99":0,"100":0,"101":0,"102":0,"103":0,"104":0,"105":0,"106":0,"107":0,"108":0,"109":0,"110":0,"111":0,"112":0,"113":0,"114":0,"115":0,"116":0,"117":0,"118":0,"119":6,"120":0,"121":0,"122":0,"123":0,"124":0,"125":0,"126":0,"127":0,"128":0,"129":0,"130":0,"131":0,"132":0,"133":0,"134":0,"135":0,"136":0,"137":6},"f":{"0":0,"1":0,"2":0,"3":0,"4":0,"5":0,"6":0,"7":0},"b":{"0":[0,0],"1":[0,0],"2":[0,0],"3":[0,0],"4":[0,0],"5":[0,0],"6":[0,0],"7":[0,0],"8":[0,0],"9":[0,0],"10":[0,0],"11":[0,0],"12":[0,0],"13":[0,0],"14":[0,0],"15":[0,0],"16":[0,0],"17":[0,0],"18":[0,0],"19":[0,0],"20":[0,0],"21":[0,0],"22":[0,0],"23":[0,0],"24":[0,0],"25":[0,0],"26":[0,0],"27":[0,0],"28":[0,0],"29":[0,0],"30":[0,0],"31":[0,0],"32":[0,0],"33":[0,0],"34":[0,0],"35":[0],"36":[0,0,0,0,0],"37":[0,0],"38":[0,0]},"_coverageSchema":"1a1c01bbd47fc00a2c39e90264f33305004495a9","hash":"d6396f834534d43765c67c4776cd092a1113f1a3"}
,"C:\\Users\\hp\\Downloads\\CajasDelCampo\\routes\\auth.js": {"path":"C:\\Users\\hp\\Downloads\\CajasDelCampo\\routes\\auth.js","statementMap":{"0":{"start":{"line":1,"column":16},"end":{"line":1,"column":34}},"1":{"start":{"line":2,"column":12},"end":{"line":2,"column":35}},"2":{"start":{"line":3,"column":15},"end":{"line":3,"column":34}},"3":{"start":{"line":4,"column":35},"end":{"line":4,"column":63}},"4":{"start":{"line":5,"column":18},"end":{"line":5,"column":47}},"5":{"start":{"line":6,"column":25},"end":{"line":6,"column":59}},"6":{"start":{"line":7,"column":17},"end":{"line":7,"column":37}},"7":{"start":{"line":8,"column":30},"end":{"line":8,"column":59}},"8":{"start":{"line":9,"column":56},"end":{"line":9,"column":91}},"9":{"start":{"line":11,"column":15},"end":{"line":11,"column":31}},"10":{"start":{"line":14,"column":23},"end":{"line":28,"column":1}},"11":{"start":{"line":15,"column":22},"end":{"line":19,"column":3}},"12":{"start":{"line":21,"column":23},"end":{"line":25,"column":3}},"13":{"start":{"line":27,"column":2},"end":{"line":27,"column":39}},"14":{"start":{"line":31,"column":0},"end":{"line":63,"column":3}},"15":{"start":{"line":32,"column":2},"end":{"line":62,"column":3}},"16":{"start":{"line":33,"column":52},"end":{"line":33,"column":60}},"17":{"start":{"line":36,"column":25},"end":{"line":36,"column":65}},"18":{"start":{"line":37,"column":4},"end":{"line":39,"column":5}},"19":{"start":{"line":38,"column":6},"end":{"line":38,"column":86}},"20":{"start":{"line":42,"column":17},"end":{"line":48,"column":6}},"21":{"start":{"line":51,"column":42},"end":{"line":51,"column":70}},"22":{"start":{"line":53,"column":4},"end":{"line":58,"column":7}},"23":{"start":{"line":60,"column":4},"end":{"line":60,"column":48}},"24":{"start":{"line":61,"column":4},"end":{"line":61,"column":61}},"25":{"start":{"line":67,"column":25},"end":{"line":76,"column":2}},"26":{"start":{"line":73,"column":4},"end":{"line":73,"column":72}},"27":{"start":{"line":74,"column":4},"end":{"line":74,"column":84}},"28":{"start":{"line":79,"column":22},"end":{"line":79,"column":31}},"29":{"start":{"line":80,"column":23},"end":{"line":80,"column":24}},"30":{"start":{"line":81,"column":26},"end":{"line":81,"column":40}},"31":{"start":{"line":82,"column":25},"end":{"line":82,"column":39}},"32":{"start":{"line":85,"column":13},"end":{"line":85,"column":66}},"33":{"start":{"line":86,"column":16},"end":{"line":86,"column":96}},"34":{"start":{"line":87,"column":2},"end":{"line":87,"column":26}},"35":{"start":{"line":91,"column":14},"end":{"line":91,"column":25}},"36":{"start":{"line":92,"column":15},"end":{"line":92,"column":37}},"37":{"start":{"line":93,"column":14},"end":{"line":93,"column":24}},"38":{"start":{"line":94,"column":2},"end":{"line":98,"column":3}},"39":{"start":{"line":95,"column":21},"end":{"line":95,"column":63}},"40":{"start":{"line":96,"column":4},"end":{"line":96,"column":73}},"41":{"start":{"line":97,"column":4},"end":{"line":97,"column":129}},"42":{"start":{"line":99,"column":2},"end":{"line":99,"column":9}},"43":{"start":{"line":103,"column":14},"end":{"line":103,"column":25}},"44":{"start":{"line":104,"column":14},"end":{"line":104,"column":24}},"45":{"start":{"line":105,"column":15},"end":{"line":105,"column":76}},"46":{"start":{"line":106,"column":2},"end":{"line":106,"column":75}},"47":{"start":{"line":106,"column":45},"end":{"line":106,"column":73}},"48":{"start":{"line":107,"column":2},"end":{"line":107,"column":26}},"49":{"start":{"line":108,"column":2},"end":{"line":111,"column":3}},"50":{"start":{"line":109,"column":4},"end":{"line":109,"column":46}},"51":{"start":{"line":110,"column":4},"end":{"line":110,"column":87}},"52":{"start":{"line":112,"column":2},"end":{"line":112,"column":31}},"53":{"start":{"line":116,"column":14},"end":{"line":116,"column":25}},"54":{"start":{"line":117,"column":2},"end":{"line":117,"column":28}},"55":{"start":{"line":120,"column":0},"end":{"line":162,"column":3}},"56":{"start":{"line":121,"column":2},"end":{"line":161,"column":3}},"57":{"start":{"line":122,"column":32},"end":{"line":122,"column":40}},"58":{"start":{"line":125,"column":17},"end":{"line":125,"column":57}},"59":{"start":{"line":126,"column":4},"end":{"line":130,"column":5}},"60":{"start":{"line":127,"column":6},"end":{"line":127,"column":25}},"61":{"start":{"line":128,"column":6},"end":{"line":128,"column":58}},"62":{"start":{"line":129,"column":6},"end":{"line":129,"column":70}},"63":{"start":{"line":133,"column":4},"end":{"line":137,"column":5}},"64":{"start":{"line":134,"column":6},"end":{"line":134,"column":25}},"65":{"start":{"line":135,"column":6},"end":{"line":135,"column":63}},"66":{"start":{"line":136,"column":6},"end":{"line":136,"column":73}},"67":{"start":{"line":140,"column":28},"end":{"line":140,"column":65}},"68":{"start":{"line":141,"column":4},"end":{"line":145,"column":5}},"69":{"start":{"line":142,"column":6},"end":{"line":142,"column":25}},"70":{"start":{"line":143,"column":6},"end":{"line":143,"column":58}},"71":{"start":{"line":144,"column":6},"end":{"line":144,"column":70}},"72":{"start":{"line":148,"column":4},"end":{"line":148,"column":23}},"73":{"start":{"line":149,"column":42},"end":{"line":149,"column":70}},"74":{"start":{"line":151,"column":4},"end":{"line":156,"column":7}},"75":{"start":{"line":158,"column":4},"end":{"line":158,"column":74}},"76":{"start":{"line":159,"column":4},"end":{"line":159,"column":41}},"77":{"start":{"line":160,"column":4},"end":{"line":160,"column":54}},"78":{"start":{"line":165,"column":0},"end":{"line":201,"column":3}},"79":{"start":{"line":166,"column":2},"end":{"line":200,"column":3}},"80":{"start":{"line":167,"column":29},"end":{"line":167,"column":37}},"81":{"start":{"line":169,"column":4},"end":{"line":171,"column":5}},"82":{"start":{"line":170,"column":6},"end":{"line":170,"column":73}},"83":{"start":{"line":174,"column":20},"end":{"line":174,"column":68}},"84":{"start":{"line":176,"column":4},"end":{"line":178,"column":5}},"85":{"start":{"line":177,"column":6},"end":{"line":177,"column":69}},"86":{"start":{"line":181,"column":17},"end":{"line":181,"column":52}},"87":{"start":{"line":182,"column":4},"end":{"line":184,"column":5}},"88":{"start":{"line":183,"column":6},"end":{"line":183,"column":77}},"89":{"start":{"line":187,"column":59},"end":{"line":187,"column":87}},"90":{"start":{"line":189,"column":4},"end":{"line":193,"column":7}},"91":{"start":{"line":195,"column":4},"end":{"line":197,"column":5}},"92":{"start":{"line":196,"column":6},"end":{"line":196,"column":83}},"93":{"start":{"line":198,"column":4},"
[...]
olumn":5}},"type":"if","locations":[{"start":{"line":293,"column":4},"end":{"line":295,"column":5}},{"start":{},"end":{}}],"line":293},"15":{"loc":{"start":{"line":296,"column":4},"end":{"line":301,"column":5}},"type":"if","locations":[{"start":{"line":296,"column":4},"end":{"line":301,"column":5}},{"start":{},"end":{}}],"line":296},"16":{"loc":{"start":{"line":338,"column":4},"end":{"line":340,"column":5}},"type":"if","locations":[{"start":{"line":338,"column":4},"end":{"line":340,"column":5}},{"start":{},"end":{}}],"line":338},"17":{"loc":{"start":{"line":357,"column":4},"end":{"line":359,"column":5}},"type":"if","locations":[{"start":{"line":357,"column":4},"end":{"line":359,"column":5}},{"start":{},"end":{}}],"line":357},"18":{"loc":{"start":{"line":362,"column":4},"end":{"line":364,"column":5}},"type":"if","locations":[{"start":{"line":362,"column":4},"end":{"line":364,"column":5}},{"start":{},"end":{}}],"line":362},"19":{"loc":{"start":{"line":369,"column":23},"end":{"line":369,"column":62}},"type":"cond-expr","locations":[{"start":{"line":369,"column":35},"end":{"line":369,"column":46}},{"start":{"line":369,"column":49},"end":{"line":369,"column":62}}],"line":369},"20":{"loc":{"start":{"line":382,"column":4},"end":{"line":385,"column":5}},"type":"if","locations":[{"start":{"line":382,"column":4},"end":{"line":385,"column":5}},{"start":{},"end":{}}],"line":382},"21":{"loc":{"start":{"line":406,"column":4},"end":{"line":408,"column":5}},"type":"if","locations":[{"start":{"line":406,"column":4},"end":{"line":408,"column":5}},{"start":{},"end":{}}],"line":406},"22":{"loc":{"start":{"line":411,"column":4},"end":{"line":414,"column":5}},"type":"if","locations":[{"start":{"line":411,"column":4},"end":{"line":414,"column":5}},{"start":{},"end":{}}],"line":411},"23":{"loc":{"start":{"line":433,"column":4},"end":{"line":435,"column":5}},"type":"if","locations":[{"start":{"line":433,"column":4},"end":{"line":435,"column":5}},{"start":{},"end":{}}],"line":433},"24":{"loc":{"start":{"line":438,"column":4},"end":{"line":441,"column":5}},"type":"if","locations":[{"start":{"line":438,"column":4},"end":{"line":441,"column":5}},{"start":{},"end":{}}],"line":438},"25":{"loc":{"start":{"line":460,"column":4},"end":{"line":462,"column":5}},"type":"if","locations":[{"start":{"line":460,"column":4},"end":{"line":462,"column":5}},{"start":{},"end":{}}],"line":460},"26":{"loc":{"start":{"line":477,"column":4},"end":{"line":479,"column":5}},"type":"if","locations":[{"start":{"line":477,"column":4},"end":{"line":479,"column":5}},{"start":{},"end":{}}],"line":477},"27":{"loc":{"start":{"line":495,"column":4},"end":{"line":497,"column":5}},"type":"if","locations":[{"start":{"line":495,"column":4},"end":{"line":497,"column":5}},{"start":{},"end":{}}],"line":495},"28":{"loc":{"start":{"line":501,"column":4},"end":{"line":503,"column":5}},"type":"if","locations":[{"start":{"line":501,"column":4},"end":{"line":503,"column":5}},{"start":{},"end":{}}],"line":501}},"s":{"0":6,"1":6,"2":6,"3":6,"4":6,"5":6,"6":1,"7":1,"8":1,"9":0,"10":0,"11":6,"12":1,"13":1,"14":1,"15":1,"16":0,"17":1,"18":1,"19":1,"20":1,"21":1,"22":1,"23":0,"24":0,"25":6,"26":0,"27":0,"28":0,"29":0,"30":0,"31":6,"32":0,"33":0,"34":0,"35":0,"36":0,"37":0,"38":0,"39":0,"40":6,"41":0,"42":0,"43":0,"44":0,"45":0,"46":0,"47":0,"48":0,"49":0,"50":0,"51":6,"52":0,"53":0,"54":0,"55":0,"56":0,"57":0,"58":0,"59":0,"60":6,"61":0,"62":0,"63":0,"64":0,"65":0,"66":0,"67":0,"68":0,"69":0,"70":6,"71":0,"72":0,"73":0,"74":0,"75":0,"76":6,"77":0,"78":0,"79":0,"80":0,"81":0,"82":0,"83":0,"84":0,"85":6,"86":0,"87":0,"88":0,"89":0,"90":0,"91":0,"92":0,"93":6,"94":0,"95":0,"96":0,"97":0,"98":0,"99":0,"100":0,"101":0,"102":0,"103":0,"104":0,"105":0,"106":0,"107":0,"108":0,"109":0,"110":6,"111":0,"112":0,"113":0,"114":0,"115":0,"116":0,"117":0,"118":6,"119":0,"120":0,"121":0,"122":0,"123":0,"124":0,"125":0,"126":0,"127":0,"128":0,"129":0,"130":6,"131":0,"132":0,"133":0,"134":0,"135":0,"136":0,"137":0,"138":0,"139":0,"140":0,"141":6,"142":0,"143":0,"144":0,"145":0,"146":0,"147":0,"148":0,"149":0,"150":0,"151":0,"152":0,"153":0,"154":0,"155":6,"156":0,"157":0,"158":0,"159":0,"160":0,"161":0,"162":0,"163":0,"164":0,"165":0,"166":0,"167":0,"168":0,"169":6,"170":0,"171":0,"172":0,"173":0,"174":0,"175":0,"176":0,"177":0,"178":6,"179":0,"180":0,"181":0,"182":0,"183":0,"184":0,"185":0,"186":0,"187":6,"188":0,"189":0,"190":0,"191":0,"192":0,"193":0,"194":0,"195":0,"196":0,"197":0,"198":0,"199":6},"f":{"0":1,"1":1,"2":0,"3":0,"4":0,"5":0,"6":0,"7":0,"8":0,"9":0,"10":0,"11":0,"12":0,"13":0,"14":0,"15":0,"16":0,"17":0,"18":0},"b":{"0":[0,1],"1":[1,0],"2":[1,0],"3":[0,0],"4":[0,0],"5":[0,0],"6":[0,0],"7":[0,0],"8":[0,0],"9":[0,0],"10":[0,0],"11":[0,0],"12":[0,0],"13":[0,0],"14":[0,0],"15":[0,0],"16":[0,0],"17":[0,0],"18":[0,0],"19":[0,0],"20":[0,0],"21":[0,0],"22":[0,0],"23":[0,0],"24":[0,0],"25":[0,0],"26":[0,0],"27":[0,0],"28":[0,0]},"_coverageSchema":"1a1c01bbd47fc00a2c39e90264f33305004495a9","hash":"9e1073d111cc06934be3a1d95ad472f6f9c4b576"}
,"C:\\Users\\hp\\Downloads\\CajasDelCampo\\utils\\crypto.js": {"path":"C:\\Users\\hp\\Downloads\\CajasDelCampo\\utils\\crypto.js","statementMap":{"0":{"start":{"line":1,"column":17},"end":{"line":1,"column":37}},"1":{"start":{"line":3,"column":12},"end":{"line":3,"column":38}},"2":{"start":{"line":6,"column":2},"end":{"line":8,"column":3}},"3":{"start":{"line":7,"column":4},"end":{"line":7,"column":62}},"4":{"start":{"line":12,"column":2},"end":{"line":12,"column":58}},"5":{"start":{"line":12,"column":45},"end":{"line":12,"column":58}},"6":{"start":{"line":13,"column":2},"end":{"line":13,"column":14}},"7":{"start":{"line":14,"column":14},"end":{"line":14,"column":71}},"8":{"start":{"line":15,"column":21},"end":{"line":15,"column":62}},"9":{"start":{"line":16,"column":2},"end":{"line":16,"column":20}},"10":{"start":{"line":20,"column":2},"end":{"line":20,"column":73}},"11":{"start":{"line":20,"column":55},"end":{"line":20,"column":73}},"12":{"start":{"line":21,"column":2},"end":{"line":21,"column":14}},"13":{"start":{"line":22,"column":2},"end":{"line":33,"column":3}},"14":{"start":{"line":23,"column":18},"end":{"line":23,"column":55}},"15":{"start":{"line":24,"column":20},"end":{"line":24,"column":53}},"16":{"start":{"line":26,"column":4},"end":{"line":30,"column":5}},"17":{"start":{"line":27,"column":6},"end":{"line":27,"column":33}},"18":{"start":{"line":29,"column":6},"end":{"line":29,"column":21}},"19":{"start":{"line":32,"column":4},"end":{"line":32,"column":16}},"20":{"start":{"line":36,"column":0},"end":{"line":36,"column":38}}},"fnMap":{"0":{"name":"ensureKey","decl":{"start":{"line":5,"column":9},"end":{"line":5,"column":18}},"loc":{"start":{"line":5,"column":21},"end":{"line":9,"column":1}},"line":5},"1":{"name":"encrypt","decl":{"start":{"line":11,"column":9},"end":{"line":11,"column":16}},"loc":{"start":{"line":11,"column":24},"end":{"line":17,"column":1}},"line":11},"2":{"name":"decrypt","decl":{"start":{"line":19,"column":9},"end":{"line":19,"column":16}},"loc":{"start":{"line":19,"column":29},"end":{"line":34,"column":1}},"line":19}},"branchMap":{"0":{"loc":{"start":{"line":6,"column":2},"end":{"line":8,"column":3}},"type":"if","locations":[{"start":{"line":6,"column":2},"end":{"line":8,"column":3}},{"start":{},"end":{}}],"line":6},"1":{"loc":{"start":{"line":6,"column":6},"end":{"line":6,"column":29}},"type":"binary-expr","locations":[{"start":{"line":6,"column":6},"end":{"line":6,"column":10}},{"start":{"line":6,"column":14},"end":{"line":6,"column":29}}],"line":6},"2":{"loc":{"start":{"line":12,"column":2},"end":{"line":12,"column":58}},"type":"if","locations":[{"start":{"line":12,"column":2},"end":{"line":12,"column":58}},{"start":{},"end":{}}],"line":12},"3":{"loc":{"start":{"line":12,"column":6},"end":{"line":12,"column":43}},"type":"binary-expr","locations":[{"start":{"line":12,"column":6},"end":{"line":12,"column":20}},{"start":{"line":12,"column":24},"end":{"line":12,"column":43}}],"line":12},"4":{"loc":{"start":{"line":14,"column":14},"end":{"line":14,"column":71}},"type":"cond-expr","locations":[{"start":{"line":14,"column":42},"end":{"line":14,"column":47}},{"start":{"line":14,"column":50},"end":{"line":14,"column":71}}],"line":14},"5":{"loc":{"start":{"line":20,"column":2},"end":{"line":20,"column":73}},"type":"if","locations":[{"start":{"line":20,"column":2},"end":{"line":20,"column":73}},{"start":{},"end":{}}],"line":20},"6":{"loc":{"start":{"line":20,"column":6},"end":{"line":20,"column":53}},"type":"binary-expr","locations":[{"start":{"line":20,"column":6},"end":{"line":20,"column":25}},{"start":{"line":20,"column":29},"end":{"line":20,"column":53}}],"line":20}},"s":{"0":6,"1":6,"2":0,"3":0,"4":0,"5":0,"6":0,"7":0,"8":0,"9":0,"10":0,"11":0,"12":0,"13":0,"14":0,"15":0,"16":0,"17":0,"18":0,"19":0,"20":6},"f":{"0":0,"1":0,"2":0},"b":{"0":[0,0],"1":[0,0],"2":[0,0],"3":[0,0],"4":[0,0],"5":[0,0],"6":[0,0]},"_coverageSchema":"1a1c01bbd47fc00a2c39e90264f33305004495a9","hash":"00bc35579e61b620a371de39501cc9fe494f245e"}
,"C:\\Users\\hp\\Downloads\\CajasDelCampo\\utils\\image.js": {"path":"C:\\Users\\hp\\Downloads\\CajasDelCampo\\utils\\image.js","statementMap":{"0":{"start":{"line":1,"column":13},"end":{"line":1,"column":28}},"1":{"start":{"line":3,"column":23},"end":{"line":3,"column":38}},"2":{"start":{"line":7,"column":2},"end":{"line":7,"column":49}},"3":{"start":{"line":7,"column":37},"end":{"line":7,"column":49}},"4":{"start":{"line":9,"column":2},"end":{"line":14,"column":3}},"5":{"start":{"line":13,"column":4},"end":{"line":13,"column":23}},"6":{"start":{"line":16,"column":2},"end":{"line":18,"column":3}},"7":{"start":{"line":17,"column":4},"end":{"line":17,"column":24}},"8":{"start":{"line":20,"column":2},"end":{"line":22,"column":3}},"9":{"start":{"line":21,"column":4},"end":{"line":21,"column":23}},"10":{"start":{"line":24,"column":2},"end":{"line":29,"column":3}},"11":{"start":{"line":28,"column":4},"end":{"line":28,"column":24}},"12":{"start":{"line":30,"column":2},"end":{"line":30,"column":14}},"13":{"start":{"line":34,"column":23},"end":{"line":34,"column":79}},"14":{"start":{"line":35,"column":2},"end":{"line":35,"column":55}},"15":{"start":{"line":39,"column":21},"end":{"line":39,"column":46}},"16":{"start":{"line":40,"column":20},"end":{"line":40,"column":89}},"17":{"start":{"line":41,"column":2},"end":{"line":49,"column":3}},"18":{"start":{"line":42,"column":19},"end":{"line":42,"column":51}},"19":{"start":{"line":43,"column":4},"end":{"line":45,"column":5}},"20":{"start":{"line":44,"column":6},"end":{"line":44,"column":59}},"21":{"start":{"line":46,"column":4},"end":{"line":46,"column":34}},"22":{"start":{"line":48,"column":4},"end":{"line":48,"column":50}},"23":{"start":{"line":52,"column":0},"end":{"line":57,"column":2}}},"fnMap":{"0":{"name":"detectImageMimeType","decl":{"start":{"line":6,"column":9},"end":{"line":6,"column":28}},"loc":{"start":{"line":6,"column":37},"end":{"line":31,"column":1}},"line":6},"1":{"name":"buildImageFromFile","decl":{"start":{"line":33,"column":9},"end":{"line":33,"column":27}},"loc":{"start":{"line":33,"column":34},"end":{"line":36,"column":1}},"line":33},"2":{"name":"buildImageFromBase64","decl":{"start":{"line":38,"column":9},"end":{"line":38,"column":29}},"loc":{"start":{"line":38,"column":44},"end":{"line":50,"column":1}},"line":38}},"branchMap":{"0":{"loc":{"start":{"line":7,"column":2},"end":{"line":7,"column":49}},"type":"if","locations":[{"start":{"line":7,"column":2},"end":{"line":7,"column":49}},{"start":{},"end":{}}],"line":7},"1":{"loc":{"start":{"line":7,"column":6},"end":{"line":7,"column":35}},"type":"binary-expr","locations":[{"start":{"line":7,"column":6},"end":{"line":7,"column":13}},{"start":{"line":7,"column":17},"end":{"line":7,"column":35}}],"line":7},"2":{"loc":{"start":{"line":9,"column":2},"end":{"line":14,"column":3}},"type":"if","locations":[{"start":{"line":9,"column":2},"end":{"line":14,"column":3}},{"start":{},"end":{}}],"line":9},"3":{"loc":{"start":{"line":10,"column":4},"end":{"line":11,"column":88}},"type":"binary-expr","locations":[{"start":{"line":10,"column":4},"end":{"line":10,"column":22}},{"start":{"line":10,"column":26},"end":{"line":10,"column":44}},{"start":{"line":10,"column":48},"end":{"line":10,"column":66}},{"start":{"line":10,"column":70},"end":{"line":10,"column":88}},{"start":{"line":11,"column":4},"end":{"line":11,"column":22}},{"start":{"line":11,"column":26},"end":{"line":11,"column":44}},{"start":{"line":11,"column":48},"end":{"line":11,"column":66}},{"start":{"line":11,"column":70},"end":{"line":11,"column":88}}],"line":10},"4":{"loc":{"start":{"line":16,"column":2},"end":{"line":18,"column":3}},"type":"if","locations":[{"start":{"line":16,"column":2},"end":{"line":18,"column":3}},{"start":{},"end":{}}],"line":16},"5":{"loc":{"start":{"line":16,"column":6},"end":{"line":16,"column":68}},"type":"binary-expr","locations":[{"start":{"line":16,"column":6},"end":{"line":16,"column":24}},{"start":{"line":16,"column":28},"end":{"line":16,"column":46}},{"start":{"line":16,"column":50},"end":{"line":16,"column":68}}],"line":16},"6":{"loc":{"start":{"line":20,"column":2},"end":{"line":22,"column":3}},"type":"if","locations":[{"start":{"line":20,"column":2},"end":{"line":22,"column":3}},{"start":{},"end":{}}],"line":20},"7":{"loc":{"start":{"line":20,"column":6},"end":{"line":20,"column":90}},"type":"binary-expr","locations":[{"start":{"line":20,"column":6},"end":{"line":20,"column":24}},{"start":{"line":20,"column":28},"end":{"line":20,"column":46}},{"start":{"line":20,"column":50},"end":{"line":20,"column":68}},{"start":{"line":20,"column":72},"end":{"line":20,"column":90}}],"line":20},"8":{"loc":{"start":{"line":24,"column":2},"end":{"line":29,"column":3}},"type":"if","locations":[{"start":{"line":24,"column":2},"end":{"line":29,"column":3}},{"start":{},"end":{}}],"line":24},"9":{"loc":{"start":{"line":25,"column":4},"end":{"line":26,"column":90}},"type":"binary-expr","locations":[{"start":{"line":25,"column":4},"end":{"line":25,"column":22}},{"start":{"line":25,"column":26},"end":{"line":25,"column":44}},{"start":{"line":25,"column":48},"end":{"line":25,"column":66}},{"start":{"line":25,"column":70},"end":{"line":25,"column":88}},{"start":{"line":26,"column":4},"end":{"line":26,"column":22}},{"start":{"line":26,"column":26},"end":{"line":26,"column":44}},{"start":{"line":26,"column":48},"end":{"line":26,"column":67}},{"start":{"line":26,"column":71},"end":{"line":26,"column":90}}],"line":25},"10":{"loc":{"start":{"line":40,"column":20},"end":{"line":40,"column":89}},"type":"cond-expr","locations":[{"start":{"line":40,"column":40},"end":{"line":40,"column":74}},{"start":{"line":40,"column":77},"end":{"line":40,"column":89}}],"line":40},"11":{"loc":{"start":{"line":43,"column":4},"end":{"line":45,"column":5}},"type":"if","locations":[{"start":{"line":43,"column":4},"end":{"line":45,"column":5}},{"start":{},"end":{}}],"line":43}},"s":{"0":6,"1":6,"2":0,"3":0,"4":0,"5":0,"6":0,"7":0,"8":0,"9":0,"10":0,"11":0,"12":0,"13":0,"14":0,"15":1,"16":1,"17":1,"18":1,"19":1,"20":0,"21":1,"22":0,"23":6},"f":{"0":0,"1":0,"2":1},"b":{"0":[0,0],"1":[0,0],"2":[0,0],"3":[0,0,0,0,0,0,0,0],"4":[0,0],"5":[0,0,0],"6":[0,0],"7":[0,0,0,0],"8":[0,0],"9":[0,0,0,0,0,0,0,0],"10":[0,1],"11":[0,1]},"_coverageSchema":"1a1c01bbd47fc00a2c39e90264f33305004495a9","hash":"6e0b089cce00c1f6ac6a5b3456b0a0a18ff6af42"}
,"C:\\Users\\hp\\Downloads\\CajasDelCampo\\utils\\securityLogger.js": {"path":"C:\\Users\\hp\\Downloads\\CajasDelCampo\\utils\\securityLogger.js","statementMap":{"0":{"start":{"line":1,"column":11},"end":{"line":1,"column":24}},"1":{"start":{"line":2,"column":13},"end":{"line":2,"column":28}},"2":{"start":{"line":4,"column":16},"end":{"line":4,"column":50}},"3":{"start":{"line":5,"column":17},"end":{"line":5,"column":51}},"4":{"start":{"line":8,"column":2},"end":{"line":13,"column":3}},"5":{"start":{"line":9,"column":4},"end":{"line":9,"column":76}},"6":{"start":{"line":9,"column":33},"end":{"line":9,"column":76}},"7":{"start":{"line":10,"column":4},"end":{"line":10,"column":87}},"8":{"start":{"line":10,"column":34},"end":{"line":10,"column":87}},"9":{"start":{"line":17,"column":15},"end":{"line":17,"column":87}},"10":{"start":{"line":18,"column":2},"end":{"line":23,"column":3}},"11":{"start":{"line":19,"column":4},"end":{"line":19,"column":20}},"12":{"start":{"line":20,"column":4},"end":{"line":20,"column":44}},"13":{"start":{"line":24,"column":2},"end":{"line":24,"column":41}},"14":{"start":{"line":28,"column":2},"end":{"line":35,"column":5}},"15":{"start":{"line":39,"column":2},"end":{"line":47,"column":5}},"16":{"start":{"line":51,"column":2},"end":{"line":58,"column":5}},"17":{"start":{"line":62,"column":2},"end":{"line":69,"column":5}},"18":{"start":{"line":72,"column":0},"end":{"line":72,"column":77}}},"fnMap":{"0":{"name":"ensureLogFile","decl":{"start":{"line":7,"column":9},"end":{"line":7,"column":22}},"loc":{"start":{"line":7,"column":25},"end":{"line":14,"column":1}},"line":7},"1":{"name":"writeLog","decl":{"start":{"line":16,"column":9},"end":{"line":16,"column":17}},"loc":{"start":{"line":16,"column":25},"end":{"line":25,"column":1}},"line":16},"2":{"name":"(anonymous_2)","decl":{"start":{"line":20,"column":34},"end":{"line":20,"column":35}},"loc":{"start":{"line":20,"column":40},"end":{"line":20,"column":42}},"line":20},"3":{"name":"logValidation","decl":{"start":{"line":27,"column":9},"end":{"line":27,"column":22}},"loc":{"start":{"line":27,"column":36},"end":{"line":36,"column":1}},"line":27},"4":{"name":"logAuthEvent","decl":{"start":{"line":38,"column":9},"end":{"line":38,"column":21}},"loc":{"start":{"line":38,"column":49},"end":{"line":48,"column":1}},"line":38},"5":{"name":"logRateLimit","decl":{"start":{"line":50,"column":9},"end":{"line":50,"column":21}},"loc":{"start":{"line":50,"column":43},"end":{"line":59,"column":1}},"line":50},"6":{"name":"logCspReport","decl":{"start":{"line":61,"column":9},"end":{"line":61,"column":21}},"loc":{"start":{"line":61,"column":35},"end":{"line":70,"column":1}},"line":61}},"branchMap":{"0":{"loc":{"start":{"line":9,"column":4},"end":{"line":9,"column":76}},"type":"if","locations":[{"start":{"line":9,"column":4},"end":{"line":9,"column":76}},{"start":{},"end":{}}],"line":9},"1":{"loc":{"start":{"line":10,"column":4},"end":{"line":10,"column":87}},"type":"if","locations":[{"start":{"line":10,"column":4},"end":{"line":10,"column":87}},{"start":{},"end":{}}],"line":10},"2":{"loc":{"start":{"line":33,"column":12},"end":{"line":33,"column":37}},"type":"binary-expr","locations":[{"start":{"line":33,"column":12},"end":{"line":33,"column":29}},{"start":{"line":33,"column":33},"end":{"line":33,"column":37}}],"line":33},"3":{"loc":{"start":{"line":38,"column":34},"end":{"line":38,"column":47}},"type":"default-arg","locations":[{"start":{"line":38,"column":45},"end":{"line":38,"column":47}}],"line":38},"4":{"loc":{"start":{"line":45,"column":12},"end":{"line":45,"column":37}},"type":"binary-expr","locations":[{"start":{"line":45,"column":12},"end":{"line":45,"column":29}},{"start":{"line":45,"column":33},"end":{"line":45,"column":37}}],"line":45},"5":{"loc":{"start":{"line":50,"column":32},"end":{"line":50,"column":41}},"type":"default-arg","locations":[{"start":{"line":50,"column":39},"end":{"line":50,"column":41}}],"line":50},"6":{"loc":{"start":{"line":67,"column":12},"end":{"line":67,"column":37}},"type":"binary-expr","locations":[{"start":{"line":67,"column":12},"end":{"line":67,"column":29}},{"start":{"line":67,"column":33},"end":{"line":67,"column":37}}],"line":67}},"s":{"0":6,"1":6,"2":6,"3":6,"4":7,"5":7,"6":0,"7":7,"8":0,"9":7,"10":7,"11":7,"12":7,"13":7,"14":4,"15":1,"16":0,"17":2,"18":6},"f":{"0":7,"1":7,"2":5,"3":4,"4":1,"5":0,"6":2},"b":{"0":[0,7],"1":[0,7],"2":[4,2],"3":[0],"4":[1,1],"5":[0],"6":[2,2]},"_coverageSchema":"1a1c01bbd47fc00a2c39e90264f33305004495a9","hash":"17ff2792940d6a7bd815b51e4ef4b9542a98f2c6"}
}
