TN:
SF:server.js
FN:48,(anonymous_0)
FN:75,(anonymous_1)
FN:79,(anonymous_2)
FN:109,(anonymous_3)
FN:146,(anonymous_4)
FN:155,(anonymous_5)
FN:164,(anonymous_6)
FN:169,(anonymous_7)
FN:177,(anonymous_8)
FN:189,(anonymous_9)
FN:201,(anonymous_10)
FN:214,(anonymous_11)
FNF:12
FNH:6
FNDA:45,(anonymous_0)
FNDA:6,(anonymous_1)
FNDA:45,(anonymous_2)
FNDA:2,(anonymous_3)
FNDA:1,(anonymous_4)
FNDA:2,(anonymous_5)
FNDA:0,(anonymous_6)
FNDA:0,(anonymous_7)
FNDA:0,(anonymous_8)
FNDA:0,(anonymous_9)
FNDA:0,(anonymous_10)
FNDA:0,(anonymous_11)
DA:1,6
DA:2,6
DA:3,6
DA:4,6
DA:5,6
DA:7,6
DA:8,6
DA:9,6
DA:10,6
DA:11,6
DA:12,6
DA:13,6
DA:14,6
DA:15,6
DA:17,6
DA:18,6
DA:22,6
DA:40,6
DA:48,6
DA:49,45
DA:50,45
DA:51,45
DA:57,45
DA:61,45
DA:65,6
DA:70,6
DA:73,6
DA:75,6
DA:78,6
DA:81,45
DA:82,0
DA:83,0
DA:91,6
DA:92,6
DA:95,6
DA:96,6
DA:99,6
DA:100,6
DA:103,6
DA:106,6
DA:110,2
DA:111,2
DA:112,2
DA:113,2
DA:118,2
DA:123,6
DA:124,6
DA:125,6
DA:126,6
DA:127,6
DA:128,6
DA:129,6
DA:130,6
DA:133,6
DA:136,6
DA:137,6
DA:138,6
DA:139,6
DA:140,6
DA:141,6
DA:142,6
DA:143,6
DA:146,6
DA:147,1
DA:155,6
DA:156,2
DA:157,2
DA:164,6
DA:165,0
DA:169,6
DA:170,0
DA:171,0
DA:172,0
DA:175,0
DA:176,0
DA:177,0
DA:178,0
DA:179,0
DA:180,0
DA:183,0
DA:187,0
DA:188,0
DA:189,0
DA:190,0
DA:191,0
DA:192,0
DA:195,0
DA:199,0
DA:200,0
DA:201,0
DA:202,0
DA:203,0
DA:204,0
DA:207,0
DA:211,0
DA:212,0
DA:214,0
DA:215,0
DA:216,0
DA:219,0
DA:220,0
DA:225,6
DA:226,0
DA:229,6
LF:104
LH:69
BRDA:18,0,0,6
BRDA:18,0,1,0
BRDA:50,1,0,45
BRDA:50,1,1,45
BRDA:73,2,0,6
BRDA:73,2,1,0
BRDA:73,2,2,0
BRDA:81,3,0,45
BRDA:81,3,1,0
BRDA:82,4,0,0
BRDA:82,4,1,0
BRDA:112,5,0,2
BRDA:112,5,1,0
BRDA:159,6,0,0
BRDA:159,6,1,2
BRDA:177,7,0,0
BRDA:177,7,1,0
BRDA:178,8,0,0
BRDA:178,8,1,0
BRDA:189,9,0,0
BRDA:189,9,1,0
BRDA:190,10,0,0
BRDA:190,10,1,0
BRDA:201,11,0,0
BRDA:201,11,1,0
BRDA:202,12,0,0
BRDA:202,12,1,0
BRDA:225,13,0,0
BRDA:225,13,1,6
BRF:29
BRH:8
end_of_record
TN:
SF:middleware\auth.js
FN:5,(anonymous_0)
FN:37,(anonymous_1)
FN:45,(anonymous_2)
FN:46,(anonymous_3)
FN:60,(anonymous_4)
FNF:5
FNH:4
FNDA:14,(anonymous_0)
FNDA:9,(anonymous_1)
FNDA:12,(anonymous_2)
FNDA:0,(anonymous_3)
FNDA:4,(anonymous_4)
DA:1,6
DA:2,6
DA:5,6
DA:6,14
DA:7,14
DA:8,14
DA:10,14
DA:11,1
DA:14,13
DA:15,12
DA:19,12
DA:20,0
DA:23,12
DA:24,12
DA:26,1
DA:27,1
DA:29,0
DA:30,0
DA:32,0
DA:37,6
DA:38,9
DA:39,0
DA:41,9
DA:45,6
DA:46,12
DA:47,0
DA:48,0
DA:51,0
DA:52,0
DA:53,0
DA:55,0
DA:60,6
DA:61,4
DA:62,4
DA:63,4
DA:65,4
DA:66,0
DA:67,0
DA:71,0
DA:72,0
DA:75,4
DA:78,0
DA:82,6
LF:43
LH:27
BRDA:8,0,0,14
BRDA:8,0,1,13
BRDA:10,1,0,1
BRDA:10,1,1,13
BRDA:19,2,0,0
BRDA:19,2,1,12
BRDA:19,3,0,12
BRDA:19,3,1,12
BRDA:26,4,0,1
BRDA:26,4,1,0
BRDA:29,5,0,0
BRDA:29,5,1,0
BRDA:38,6,0,0
BRDA:38,6,1,9
BRDA:45,7,0,12
BRDA:47,8,0,0
BRDA:47,8,1,0
BRDA:51,9,0,0
BRDA:51,9,1,0
BRDA:52,10,0,0
BRDA:52,10,1,0
BRDA:63,11,0,4
BRDA:63,11,1,0
BRDA:65,12,0,0
BRDA:65,12,1,4
BRDA:71,13,0,0
BRDA:71,13,1,0
BRDA:71,14,0,0
BRDA:71,14,1,0
BRF:29
BRH:12
end_of_record
TN:
SF:middleware\security.js
FN:5,sanitizeValue
FN:17,sanitizeObject
FN:32,sanitizeRequest
FN:48,parseCookies
FN:51,(anonymous_4)
FN:59,signToken
FN:65,generateCsrfToken
FN:75,verifyCsrfToken
FN:91,setCsrfCookie
FN:104,csrfTokenRoute
FN:110,csrfProtect
FNF:11
FNH:11
FNDA:27,sanitizeValue
FNDA:87,sanitizeObject
FNDA:43,sanitizeRequest
FNDA:18,parseCookies
FNDA:63,(anonymous_4)
FNDA:33,signToken
FNDA:15,generateCsrfToken
FNDA:18,verifyCsrfToken
FNDA:15,setCsrfCookie
FNDA:15,csrfTokenRoute
FNDA:25,csrfProtect
DA:1,6
DA:2,6
DA:6,27
DA:8,27
DA:10,27
DA:14,27
DA:18,87
DA:19,87
DA:20,87
DA:21,28
DA:22,28
DA:23,1
DA:25,27
DA:28,87
DA:33,43
DA:34,43
DA:35,43
DA:36,43
DA:38,0
DA:39,0
DA:44,6
DA:45,6
DA:46,6
DA:49,18
DA:50,18
DA:51,18
DA:52,63
DA:53,63
DA:54,63
DA:56,18
DA:60,33
DA:61,33
DA:62,33
DA:66,15
DA:67,15
DA:68,15
DA:69,15
DA:70,15
DA:71,15
DA:72,15
DA:76,18
DA:77,18
DA:78,18
DA:79,18
DA:80,18
DA:81,18
DA:82,18
DA:83,18
DA:84,18
DA:85,18
DA:87,0
DA:92,15
DA:93,15
DA:99,15
DA:101,15
DA:105,15
DA:106,15
DA:107,15
DA:112,25
DA:114,18
DA:115,0
DA:117,18
DA:118,18
DA:119,18
DA:120,18
DA:121,0
DA:124,18
DA:125,0
DA:127,18
DA:130,6
LF:70
LH:64
BRDA:6,0,0,0
BRDA:6,0,1,27
BRDA:8,1,0,0
BRDA:8,1,1,27
BRDA:18,2,0,0
BRDA:18,2,1,87
BRDA:18,3,0,87
BRDA:18,3,1,87
BRDA:19,4,0,0
BRDA:19,4,1,87
BRDA:22,5,0,1
BRDA:22,5,1,27
BRDA:22,6,0,28
BRDA:22,6,1,27
BRDA:34,7,0,43
BRDA:34,7,1,0
BRDA:35,8,0,43
BRDA:35,8,1,0
BRDA:49,9,0,18
BRDA:49,9,1,0
BRDA:53,10,0,0
BRDA:53,10,1,63
BRDA:66,11,0,15
BRDA:66,11,1,15
BRDA:66,11,2,0
BRDA:69,12,0,0
BRDA:69,12,1,15
BRDA:77,13,0,18
BRDA:77,13,1,18
BRDA:77,13,2,0
BRDA:79,14,0,0
BRDA:79,14,1,18
BRDA:82,15,0,0
BRDA:82,15,1,18
BRDA:82,16,0,18
BRDA:82,16,1,18
BRDA:83,17,0,0
BRDA:83,17,1,18
BRDA:99,18,0,0
BRDA:99,18,1,15
BRDA:112,19,0,7
BRDA:112,19,1,18
BRDA:114,20,0,0
BRDA:114,20,1,18
BRDA:114,21,0,18
BRDA:114,21,1,0
BRDA:114,21,2,0
BRDA:120,22,0,0
BRDA:120,22,1,18
BRDA:120,23,0,18
BRDA:120,23,1,18
BRDA:124,24,0,0
BRDA:124,24,1,18
BRDA:124,25,0,18
BRDA:124,25,1,18
BRF:55
BRH:35
end_of_record
TN:
SF:middleware\validation.js
FN:5,(anonymous_0)
FN:33,(anonymous_1)
FN:114,(anonymous_2)
FN:145,(anonymous_3)
FN:187,(anonymous_4)
FN:207,(anonymous_5)
FN:226,(anonymous_6)
FN:301,(anonymous_7)
FN:336,(anonymous_8)
FN:386,(anonymous_9)
FN:439,(anonymous_10)
FN:482,(anonymous_11)
FN:521,(anonymous_12)
FNF:13
FNH:5
FNDA:24,(anonymous_0)
FNDA:4,(anonymous_1)
FNDA:5,(anonymous_2)
FNDA:1,(anonymous_3)
FNDA:0,(anonymous_4)
FNDA:0,(anonymous_5)
FNDA:0,(anonymous_6)
FNDA:306,(anonymous_7)
FNDA:0,(anonymous_8)
FNDA:0,(anonymous_9)
FNDA:0,(anonymous_10)
FNDA:0,(anonymous_11)
FNDA:0,(anonymous_12)
DA:1,6
DA:2,6
DA:5,6
DA:6,24
DA:7,24
DA:8,4
DA:9,4
DA:14,20
DA:18,6
DA:34,4
DA:35,4
DA:36,4
DA:45,6
DA:56,6
DA:71,6
DA:105,6
DA:115,5
DA:116,1
DA:118,4
DA:134,6
DA:146,1
DA:147,0
DA:149,1
DA:175,6
DA:188,0
DA:189,0
DA:191,0
DA:200,6
DA:208,0
DA:209,0
DA:210,0
DA:212,0
DA:213,0
DA:215,0
DA:221,6
DA:227,0
DA:228,0
DA:230,0
DA:239,6
DA:267,6
DA:301,306
DA:309,6
DA:321,6
DA:337,0
DA:338,0
DA:339,0
DA:356,6
DA:387,0
DA:388,0
DA:389,0
DA:390,0
DA:395,6
DA:429,6
DA:440,0
DA:441,0
DA:442,0
DA:444,0
DA:445,0
DA:447,0
DA:473,6
DA:483,0
DA:484,0
DA:485,0
DA:486,0
DA:487,0
DA:488,0
DA:490,0
DA:512,6
DA:522,0
DA:523,0
DA:524,0
DA:525,0
DA:526,0
DA:527,0
DA:529,0
DA:550,6
LF:76
LH:36
BRDA:7,0,0,4
BRDA:7,0,1,20
BRDA:34,1,0,0
BRDA:34,1,1,4
BRDA:35,2,0,0
BRDA:35,2,1,4
BRDA:35,3,0,4
BRDA:35,3,1,4
BRDA:115,4,0,1
BRDA:115,4,1,4
BRDA:146,5,0,0
BRDA:146,5,1,1
BRDA:146,6,0,1
BRDA:146,6,1,1
BRDA:146,6,2,1
BRDA:188,7,0,0
BRDA:188,7,1,0
BRDA:212,8,0,0
BRDA:212,8,1,0
BRDA:227,9,0,0
BRDA:227,9,1,0
BRDA:227,10,0,0
BRDA:227,10,1,0
BRDA:301,11,0,0
BRDA:337,12,0,0
BRDA:337,12,1,0
BRDA:338,13,0,0
BRDA:338,13,1,0
BRDA:338,14,0,0
BRDA:338,14,1,0
BRDA:387,15,0,0
BRDA:387,15,1,0
BRDA:388,16,0,0
BRDA:388,16,1,0
BRDA:389,17,0,0
BRDA:389,17,1,0
BRDA:389,18,0,0
BRDA:389,18,1,0
BRDA:444,19,0,0
BRDA:444,19,1,0
BRDA:483,20,0,0
BRDA:483,20,1,0
BRDA:487,21,0,0
BRDA:487,21,1,0
BRDA:522,22,0,0
BRDA:522,22,1,0
BRDA:526,23,0,0
BRDA:526,23,1,0
BRF:48
BRH:12
end_of_record
TN:
SF:routes\admin.js
FN:10,(anonymous_0)
FN:51,(anonymous_1)
FN:109,(anonymous_2)
FN:171,(anonymous_3)
FN:222,(anonymous_4)
FN:266,(anonymous_5)
FN:310,(anonymous_6)
FN:365,(anonymous_7)
FNF:8
FNH:0
FNDA:0,(anonymous_0)
FNDA:0,(anonymous_1)
FNDA:0,(anonymous_2)
FNDA:0,(anonymous_3)
FNDA:0,(anonymous_4)
FNDA:0,(anonymous_5)
FNDA:0,(anonymous_6)
FNDA:0,(anonymous_7)
DA:1,6
DA:2,6
DA:3,6
DA:4,6
DA:5,6
DA:7,6
DA:10,6
DA:11,0
DA:12,0
DA:45,0
DA:46,0
DA:51,6
DA:52,0
DA:53,0
DA:54,0
DA:55,0
DA:56,0
DA:58,0
DA:60,0
DA:61,0
DA:67,0
DA:68,0
DA:70,0
DA:92,0
DA:103,0
DA:104,0
DA:109,6
DA:110,0
DA:111,0
DA:112,0
DA:113,0
DA:114,0
DA:116,0
DA:118,0
DA:119,0
DA:121,0
DA:122,0
DA:123,0
DA:124,0
DA:127,0
DA:154,0
DA:165,0
DA:166,0
DA:171,6
DA:172,0
DA:173,0
DA:174,0
DA:175,0
DA:176,0
DA:178,0
DA:180,0
DA:181,0
DA:182,0
DA:184,0
DA:205,0
DA:216,0
DA:217,0
DA:222,6
DA:223,0
DA:224,0
DA:225,0
DA:226,0
DA:227,0
DA:229,0
DA:231,0
DA:232,0
DA:233,0
DA:235,0
DA:249,0
DA:260,0
DA:261,0
DA:266,6
DA:267,0
DA:268,0
DA:269,0
DA:270,0
DA:271,0
DA:273,0
DA:275,0
DA:276,0
DA:278,0
DA:293,0
DA:304,0
DA:305,0
DA:310,6
DA:311,0
DA:312,0
DA:313,0
DA:314,0
DA:315,0
DA:317,0
DA:319,0
DA:320,0
DA:322,0
DA:323,0
DA:324,0
DA:325,0
DA:328,0
DA:348,0
DA:359,0
DA:360,0
DA:365,6
DA:366,0
DA:367,0
DA:370,0
DA:373,0
DA:375,0
DA:376,0
DA:378,0
DA:379,0
DA:381,0
DA:382,0
DA:384,0
DA:385,0
DA:387,0
DA:399,0
DA:474,0
DA:497,0
DA:498,0
DA:502,6
LF:120
LH:15
BRDA:53,0,0,0
BRDA:53,0,1,0
BRDA:54,1,0,0
BRDA:54,1,1,0
BRDA:60,2,0,0
BRDA:60,2,1,0
BRDA:67,3,0,0
BRDA:67,3,1,0
BRDA:68,4,0,0
BRDA:68,4,1,0
BRDA:111,5,0,0
BRDA:111,5,1,0
BRDA:112,6,0,0
BRDA:112,6,1,0
BRDA:118,7,0,0
BRDA:118,7,1,0
BRDA:119,8,0,0
BRDA:119,8,1,0
BRDA:121,9,0,0
BRDA:121,9,1,0
BRDA:121,10,0,0
BRDA:121,10,1,0
BRDA:123,11,0,0
BRDA:123,11,1,0
BRDA:124,12,0,0
BRDA:124,12,1,0
BRDA:173,13,0,0
BRDA:173,13,1,0
BRDA:174,14,0,0
BRDA:174,14,1,0
BRDA:180,15,0,0
BRDA:180,15,1,0
BRDA:181,16,0,0
BRDA:181,16,1,0
BRDA:182,17,0,0
BRDA:182,17,1,0
BRDA:224,18,0,0
BRDA:224,18,1,0
BRDA:225,19,0,0
BRDA:225,19,1,0
BRDA:231,20,0,0
BRDA:231,20,1,0
BRDA:232,21,0,0
BRDA:232,21,1,0
BRDA:233,22,0,0
BRDA:233,22,1,0
BRDA:268,23,0,0
BRDA:268,23,1,0
BRDA:269,24,0,0
BRDA:269,24,1,0
BRDA:275,25,0,0
BRDA:275,25,1,0
BRDA:276,26,0,0
BRDA:276,26,1,0
BRDA:312,27,0,0
BRDA:312,27,1,0
BRDA:313,28,0,0
BRDA:313,28,1,0
BRDA:319,29,0,0
BRDA:319,29,1,0
BRDA:320,30,0,0
BRDA:320,30,1,0
BRDA:322,31,0,0
BRDA:322,31,1,0
BRDA:322,32,0,0
BRDA:322,32,1,0
BRDA:324,33,0,0
BRDA:324,33,1,0
BRDA:325,34,0,0
BRDA:325,34,1,0
BRDA:367,35,0,0
BRDA:373,36,0,0
BRDA:373,36,1,0
BRDA:373,36,2,0
BRDA:373,36,3,0
BRDA:373,36,4,0
BRDA:401,37,0,0
BRDA:401,37,1,0
BRDA:484,38,0,0
BRDA:484,38,1,0
BRF:80
BRH:0
end_of_record
TN:
SF:routes\auth.js
FN:14,(anonymous_0)
FN:31,(anonymous_1)
FN:72,(anonymous_2)
FN:84,keyFor
FN:90,checkLoginLock
FN:102,recordFailure
FN:106,(anonymous_6)
FN:115,resetFailures
FN:120,(anonymous_8)
FN:165,(anonymous_9)
FN:204,(anonymous_10)
FN:217,(anonymous_11)
FN:224,(anonymous_12)
FN:273,(anonymous_13)
FN:278,(anonymous_14)
FNF:15
FNH:7
FNDA:3,(anonymous_0)
FNDA:3,(anonymous_1)
FNDA:0,(anonymous_2)
FNDA:5,keyFor
FNDA:3,checkLoginLock
FNDA:1,recordFailure
FNDA:0,(anonymous_6)
FNDA:1,resetFailures
FNDA:2,(anonymous_8)
FNDA:0,(anonymous_9)
FNDA:0,(anonymous_10)
FNDA:0,(anonymous_11)
FNDA:0,(anonymous_12)
FNDA:0,(anonymous_13)
FNDA:0,(anonymous_14)
DA:1,6
DA:2,6
DA:3,6
DA:4,6
DA:5,6
DA:6,6
DA:7,6
DA:8,6
DA:9,6
DA:11,6
DA:14,6
DA:15,3
DA:21,3
DA:27,3
DA:31,6
DA:32,3
DA:33,3
DA:36,3
DA:37,3
DA:38,1
DA:42,2
DA:51,2
DA:53,2
DA:60,0
DA:61,0
DA:67,6
DA:73,0
DA:74,0
DA:79,6
DA:80,6
DA:81,6
DA:82,6
DA:85,5
DA:86,5
DA:87,5
DA:91,3
DA:92,3
DA:93,3
DA:94,3
DA:95,0
DA:96,0
DA:97,0
DA:99,3
DA:103,1
DA:104,1
DA:105,1
DA:106,1
DA:107,1
DA:108,1
DA:109,0
DA:110,0
DA:112,1
DA:116,1
DA:117,1
DA:120,6
DA:121,2
DA:122,2
DA:125,2
DA:126,2
DA:127,0
DA:128,0
DA:129,0
DA:133,2
DA:134,0
DA:135,0
DA:136,0
DA:140,2
DA:141,2
DA:142,1
DA:143,1
DA:144,1
DA:148,1
DA:149,1
DA:151,1
DA:158,0
DA:159,0
DA:160,0
DA:165,6
DA:166,0
DA:167,0
DA:169,0
DA:170,0
DA:174,0
DA:176,0
DA:177,0
DA:181,0
DA:182,0
DA:183,0
DA:187,0
DA:189,0
DA:195,0
DA:196,0
DA:198,0
DA:199,0
DA:204,6
DA:205,0
DA:206,0
DA:211,0
DA:212,0
DA:217,6
DA:218,0
DA:222,6
DA:225,0
DA:226,0
DA:227,0
DA:228,0
DA:234,0
DA:235,0
DA:237,0
DA:239,0
DA:243,0
DA:251,0
DA:253,0
DA:259,0
DA:260,0
DA:266,6
DA:274,0
DA:275,0
DA:276,0
DA:279,0
DA:280,0
DA:281,0
DA:282,0
DA:288,0
DA:291,0
DA:293,0
DA:294,0
DA:298,0
DA:299,0
DA:300,0
DA:304,0
DA:305,0
DA:307,0
DA:309,0
DA:310,0
DA:312,0
DA:313,0
DA:318,6
LF:138
LH:65
BRDA:18,0,0,3
BRDA:18,0,1,0
BRDA:24,1,0,3
BRDA:24,1,1,0
BRDA:37,2,0,1
BRDA:37,2,1,2
BRDA:85,3,0,5
BRDA:85,3,1,0
BRDA:85,3,2,0
BRDA:86,4,0,5
BRDA:86,4,1,0
BRDA:86,5,0,5
BRDA:86,5,1,5
BRDA:94,6,0,0
BRDA:94,6,1,3
BRDA:94,7,0,3
BRDA:94,7,1,1
BRDA:94,7,2,0
BRDA:105,8,0,1
BRDA:105,8,1,1
BRDA:108,9,0,0
BRDA:108,9,1,1
BRDA:126,10,0,0
BRDA:126,10,1,2
BRDA:133,11,0,0
BRDA:133,11,1,2
BRDA:141,12,0,1
BRDA:141,12,1,1
BRDA:158,13,0,0
BRDA:158,13,1,0
BRDA:169,14,0,0
BRDA:169,14,1,0
BRDA:176,15,0,0
BRDA:176,15,1,0
BRDA:182,16,0,0
BRDA:182,16,1,0
BRDA:182,17,0,0
BRDA:182,17,1,0
BRDA:195,18,0,0
BRDA:195,18,1,0
BRDA:195,19,0,0
BRDA:195,19,1,0
BRDA:227,20,0,0
BRDA:227,20,1,0
BRDA:237,21,0,0
BRDA:237,21,1,0
BRDA:256,22,0,0
BRDA:256,22,1,0
BRDA:274,23,0,0
BRDA:274,23,1,0
BRDA:275,24,0,0
BRDA:275,24,1,0
BRDA:275,25,0,0
BRDA:275,25,1,0
BRDA:281,26,0,0
BRDA:281,26,1,0
BRDA:293,27,0,0
BRDA:293,27,1,0
BRDA:299,28,0,0
BRDA:299,28,1,0
BRDA:309,29,0,0
BRDA:309,29,1,0
BRDA:309,30,0,0
BRDA:309,30,1,0
BRF:64
BRH:18
end_of_record
TN:
SF:routes\farmers.js
FN:13,(anonymous_0)
FN:19,(anonymous_1)
FN:28,(anonymous_2)
FN:41,(anonymous_3)
FN:54,(anonymous_4)
FN:60,(anonymous_5)
FN:111,(anonymous_6)
FN:135,(anonymous_7)
FN:166,(anonymous_8)
FN:174,(anonymous_9)
FN:175,(anonymous_10)
FN:176,(anonymous_11)
FN:193,(anonymous_12)
FN:242,(anonymous_13)
FN:291,(anonymous_14)
FN:340,(anonymous_15)
FN:377,(anonymous_16)
FN:395,(anonymous_17)
FN:412,(anonymous_18)
FN:464,(anonymous_19)
FN:488,(anonymous_20)
FNF:21
FNH:0
FNDA:0,(anonymous_0)
FNDA:0,(anonymous_1)
FNDA:0,(anonymous_2)
FNDA:0,(anonymous_3)
FNDA:0,(anonymous_4)
FNDA:0,(anonymous_5)
FNDA:0,(anonymous_6)
FNDA:0,(anonymous_7)
FNDA:0,(anonymous_8)
FNDA:0,(anonymous_9)
FNDA:0,(anonymous_10)
FNDA:0,(anonymous_11)
FNDA:0,(anonymous_12)
FNDA:0,(anonymous_13)
FNDA:0,(anonymous_14)
FNDA:0,(anonymous_15)
FNDA:0,(anonymous_16)
FNDA:0,(anonymous_17)
FNDA:0,(anonymous_18)
FNDA:0,(anonymous_19)
FNDA:0,(anonymous_20)
DA:1,6
DA:2,6
DA:3,6
DA:4,6
DA:5,6
DA:6,6
DA:7,6
DA:8,6
DA:11,6
DA:12,6
DA:14,0
DA:15,0
DA:17,0
DA:20,0
DA:21,0
DA:22,0
DA:23,0
DA:27,6
DA:28,6
DA:29,0
DA:30,0
DA:32,0
DA:36,6
DA:38,6
DA:41,6
DA:42,0
DA:43,0
DA:45,0
DA:46,0
DA:47,0
DA:48,0
DA:49,0
DA:50,0
DA:51,0
DA:54,0
DA:56,0
DA:60,6
DA:61,0
DA:62,0
DA:63,0
DA:64,0
DA:65,0
DA:67,0
DA:69,0
DA:70,0
DA:73,0
DA:74,0
DA:80,0
DA:94,0
DA:105,0
DA:106,0
DA:111,6
DA:112,0
DA:113,0
DA:123,0
DA:124,0
DA:127,0
DA:129,0
DA:130,0
DA:135,6
DA:136,0
DA:137,0
DA:139,0
DA:140,0
DA:143,0
DA:144,0
DA:146,0
DA:147,0
DA:148,0
DA:149,0
DA:150,0
DA:151,0
DA:154,0
DA:155,0
DA:158,0
DA:160,0
DA:161,0
DA:166,6
DA:167,0
DA:168,0
DA:169,0
DA:170,0
DA:172,0
DA:173,0
DA:174,0
DA:175,0
DA:176,0
DA:177,0
DA:178,0
DA:179,0
DA:182,0
DA:187,0
DA:188,0
DA:193,6
DA:194,0
DA:195,0
DA:198,0
DA:199,0
DA:200,0
DA:201,0
DA:202,0
DA:203,0
DA:204,0
DA:205,0
DA:207,0
DA:209,0
DA:212,0
DA:213,0
DA:215,0
DA:216,0
DA:219,0
DA:221,0
DA:231,0
DA:236,0
DA:237,0
DA:242,6
DA:243,0
DA:244,0
DA:245,0
DA:246,0
DA:249,0
DA:251,0
DA:252,0
DA:253,0
DA:254,0
DA:255,0
DA:256,0
DA:257,0
DA:258,0
DA:260,0
DA:262,0
DA:264,0
DA:265,0
DA:267,0
DA:268,0
DA:271,0
DA:273,0
DA:283,0
DA:285,0
DA:286,0
DA:291,6
DA:292,0
DA:293,0
DA:294,0
DA:295,0
DA:298,0
DA:300,0
DA:301,0
DA:302,0
DA:303,0
DA:304,0
DA:305,0
DA:306,0
DA:307,0
DA:309,0
DA:311,0
DA:313,0
DA:314,0
DA:316,0
DA:317,0
DA:320,0
DA:322,0
DA:332,0
DA:334,0
DA:335,0
DA:340,6
DA:341,0
DA:342,0
DA:343,0
DA:344,0
DA:347,0
DA:349,0
DA:350,0
DA:351,0
DA:352,0
DA:353,0
DA:354,0
DA:355,0
DA:356,0
DA:358,0
DA:359,0
DA:360,0
DA:361,0
DA:362,0
DA:364,0
DA:367,0
DA:369,0
DA:371,0
DA:372,0
DA:377,6
DA:378,0
DA:379,0
DA:380,0
DA:381,0
DA:384,0
DA:385,0
DA:387,0
DA:389,0
DA:390,0
DA:395,6
DA:396,0
DA:397,0
DA:398,0
DA:399,0
DA:402,0
DA:404,0
DA:406,0
DA:407,0
DA:412,6
DA:413,0
DA:414,0
DA:415,0
DA:416,0
DA:417,0
DA:419,0
DA:420,0
DA:421,0
DA:423,0
DA:424,0
DA:426,0
DA:427,0
DA:433,0
DA:447,0
DA:458,0
DA:459,0
DA:464,6
DA:465,0
DA:466,0
DA:476,0
DA:477,0
DA:480,0
DA:482,0
DA:483,0
DA:488,6
DA:489,0
DA:490,0
DA:491,0
DA:492,0
DA:495,0
DA:497,0
DA:499,0
DA:500,0
DA:504,6
LF:243
LH:29
BRDA:29,0,0,0
BRDA:29,0,1,0
BRDA:42,1,0,0
BRDA:42,1,1,0
BRDA:45,2,0,0
BRDA:45,2,1,0
BRDA:47,3,0,0
BRDA:47,3,1,0
BRDA:50,4,0,0
BRDA:50,4,1,0
BRDA:62,5,0,0
BRDA:62,5,1,0
BRDA:63,6,0,0
BRDA:63,6,1,0
BRDA:69,7,0,0
BRDA:69,7,1,0
BRDA:73,8,0,0
BRDA:73,8,1,0
BRDA:123,9,0,0
BRDA:123,9,1,0
BRDA:139,10,0,0
BRDA:139,10,1,0
BRDA:146,11,0,0
BRDA:146,11,1,0
BRDA:146,12,0,0
BRDA:146,12,1,0
BRDA:147,13,0,0
BRDA:147,13,1,0
BRDA:154,14,0,0
BRDA:154,14,1,0
BRDA:169,15,0,0
BRDA:169,15,1,0
BRDA:177,16,0,0
BRDA:177,16,1,0
BRDA:178,17,0,0
BRDA:178,17,1,0
BRDA:198,18,0,0
BRDA:198,18,1,0
BRDA:202,19,0,0
BRDA:202,19,1,0
BRDA:204,20,0,0
BRDA:204,20,1,0
BRDA:212,21,0,0
BRDA:212,21,1,0
BRDA:215,22,0,0
BRDA:215,22,1,0
BRDA:215,23,0,0
BRDA:215,23,1,0
BRDA:245,24,0,0
BRDA:245,24,1,0
BRDA:251,25,0,0
BRDA:251,25,1,0
BRDA:255,26,0,0
BRDA:255,26,1,0
BRDA:257,27,0,0
BRDA:257,27,1,0
BRDA:264,28,0,0
BRDA:264,28,1,0
BRDA:267,29,0,0
BRDA:267,29,1,0
BRDA:267,30,0,0
BRDA:267,30,1,0
BRDA:294,31,0,0
BRDA:294,31,1,0
BRDA:300,32,0,0
BRDA:300,32,1,0
BRDA:304,33,0,0
BRDA:304,33,1,0
BRDA:306,34,0,0
BRDA:306,34,1,0
BRDA:313,35,0,0
BRDA:313,35,1,0
BRDA:316,36,0,0
BRDA:316,36,1,0
BRDA:316,37,0,0
BRDA:316,37,1,0
BRDA:343,38,0,0
BRDA:343,38,1,0
BRDA:349,39,0,0
BRDA:349,39,1,0
BRDA:353,40,0,0
BRDA:353,40,1,0
BRDA:355,41,0,0
BRDA:355,41,1,0
BRDA:360,42,0,0
BRDA:360,42,1,0
BRDA:369,43,0,0
BRDA:369,43,1,0
BRDA:380,44,0,0
BRDA:380,44,1,0
BRDA:398,45,0,0
BRDA:398,45,1,0
BRDA:414,46,0,0
BRDA:414,46,1,0
BRDA:415,47,0,0
BRDA:415,47,1,0
BRDA:420,48,0,0
BRDA:420,48,1,0
BRDA:423,49,0,0
BRDA:423,49,1,0
BRDA:426,50,0,0
BRDA:426,50,1,0
BRDA:476,51,0,0
BRDA:476,51,1,0
BRDA:491,52,0,0
BRDA:491,52,1,0
BRF:106
BRH:0
end_of_record
TN:
SF:routes\orders.js
FN:9,(anonymous_0)
FN:64,(anonymous_1)
FN:109,(anonymous_2)
FN:158,(anonymous_3)
FN:180,(anonymous_4)
FN:244,(anonymous_5)
FN:279,(anonymous_6)
FN:329,(anonymous_7)
FN:375,(anonymous_8)
FN:411,getProductsForBox
FN:445,(anonymous_10)
FN:454,(anonymous_11)
FN:488,(anonymous_12)
FN:493,(anonymous_13)
FN:575,(anonymous_14)
FN:596,(anonymous_15)
FN:685,(anonymous_16)
FN:773,(anonymous_17)
FN:799,(anonymous_18)
FNF:19
FNH:0
FNDA:0,(anonymous_0)
FNDA:0,(anonymous_1)
FNDA:0,(anonymous_2)
FNDA:0,(anonymous_3)
FNDA:0,(anonymous_4)
FNDA:0,(anonymous_5)
FNDA:0,(anonymous_6)
FNDA:0,(anonymous_7)
FNDA:0,(anonymous_8)
FNDA:0,getProductsForBox
FNDA:0,(anonymous_10)
FNDA:0,(anonymous_11)
FNDA:0,(anonymous_12)
FNDA:0,(anonymous_13)
FNDA:0,(anonymous_14)
FNDA:0,(anonymous_15)
FNDA:0,(anonymous_16)
FNDA:0,(anonymous_17)
FNDA:0,(anonymous_18)
DA:1,6
DA:2,6
DA:3,6
DA:4,6
DA:6,6
DA:9,6
DA:10,0
DA:11,0
DA:12,0
DA:13,0
DA:14,0
DA:16,0
DA:17,0
DA:19,0
DA:47,0
DA:58,0
DA:59,0
DA:64,6
DA:65,0
DA:66,0
DA:94,0
DA:95,0
DA:98,0
DA:103,0
DA:104,0
DA:109,6
DA:110,0
DA:111,0
DA:112,0
DA:115,0
DA:123,0
DA:124,0
DA:129,0
DA:130,0
DA:138,0
DA:146,0
DA:147,0
DA:151,0
DA:153,0
DA:154,0
DA:158,0
DA:159,0
DA:160,0
DA:162,0
DA:165,0
DA:179,0
DA:181,0
DA:194,0
DA:195,0
DA:197,0
DA:198,0
DA:200,0
DA:201,0
DA:203,0
DA:204,0
DA:206,0
DA:209,0
DA:233,0
DA:238,0
DA:239,0
DA:244,6
DA:245,0
DA:246,0
DA:247,0
DA:254,0
DA:255,0
DA:258,0
DA:259,0
DA:262,0
DA:268,0
DA:273,0
DA:274,0
DA:279,6
DA:280,0
DA:281,0
DA:282,0
DA:283,0
DA:284,0
DA:286,0
DA:287,0
DA:288,0
DA:290,0
DA:291,0
DA:292,0
DA:293,0
DA:296,0
DA:312,0
DA:323,0
DA:324,0
DA:329,6
DA:330,0
DA:331,0
DA:360,0
DA:361,0
DA:364,0
DA:369,0
DA:370,0
DA:375,6
DA:376,0
DA:377,0
DA:379,0
DA:380,0
DA:381,0
DA:384,0
DA:386,0
DA:387,0
DA:390,0
DA:391,0
DA:392,0
DA:394,0
DA:395,0
DA:398,0
DA:400,0
DA:405,0
DA:406,0
DA:412,0
DA:418,0
DA:421,0
DA:423,0
DA:424,0
DA:427,0
DA:428,0
DA:431,0
DA:445,0
DA:451,6
DA:454,6
DA:455,0
DA:456,0
DA:459,0
DA:460,0
DA:461,0
DA:465,0
DA:466,0
DA:467,0
DA:470,0
DA:471,0
DA:472,0
DA:473,0
DA:474,0
DA:476,0
DA:478,0
DA:479,0
DA:480,0
DA:483,0
DA:484,0
DA:485,0
DA:488,0
DA:489,0
DA:491,0
DA:493,0
DA:503,0
DA:504,0
DA:505,0
DA:507,0
DA:508,0
DA:510,0
DA:511,0
DA:513,0
DA:514,0
DA:516,0
DA:517,0
DA:519,0
DA:521,0
DA:525,0
DA:526,0
DA:529,0
DA:530,0
DA:531,0
DA:534,0
DA:535,0
DA:537,0
DA:538,0
DA:541,0
DA:542,0
DA:543,0
DA:545,0
DA:555,0
DA:556,0
DA:560,0
DA:574,0
DA:575,0
DA:579,0
DA:588,0
DA:590,0
DA:591,0
DA:596,6
DA:597,0
DA:598,0
DA:599,0
DA:600,0
DA:603,0
DA:604,0
DA:607,0
DA:610,0
DA:611,0
DA:612,0
DA:613,0
DA:615,0
DA:618,0
DA:619,0
DA:620,0
DA:623,0
DA:624,0
DA:626,0
DA:627,0
DA:629,0
DA:630,0
DA:633,0
DA:634,0
DA:636,0
DA:637,0
DA:640,0
DA:641,0
DA:642,0
DA:644,0
DA:655,0
DA:656,0
DA:657,0
DA:659,0
DA:660,0
DA:661,0
DA:663,0
DA:666,0
DA:668,0
DA:677,0
DA:679,0
DA:680,0
DA:685,6
DA:686,0
DA:687,0
DA:688,0
DA:689,0
DA:692,0
DA:693,0
DA:696,0
DA:699,0
DA:700,0
DA:701,0
DA:702,0
DA:704,0
DA:707,0
DA:708,0
DA:709,0
DA:711,0
DA:712,0
DA:714,0
DA:715,0
DA:717,0
DA:718,0
DA:721,0
DA:722,0
DA:724,0
DA:725,0
DA:728,0
DA:729,0
DA:730,0
DA:732,0
DA:743,0
DA:744,0
DA:745,0
DA:747,0
DA:748,0
DA:749,0
DA:751,0
DA:754,0
DA:756,0
DA:765,0
DA:767,0
DA:768,0
DA:773,6
DA:774,0
DA:775,0
DA:776,0
DA:777,0
DA:778,0
DA:781,0
DA:782,0
DA:785,0
DA:791,0
DA:793,0
DA:794,0
DA:799,6
DA:800,0
DA:801,0
DA:802,0
DA:803,0
DA:806,0
DA:807,0
DA:810,0
DA:812,0
DA:814,0
DA:815,0
LF:292
LH:18
BRDA:11,0,0,0
BRDA:11,0,1,0
BRDA:12,1,0,0
BRDA:12,1,1,0
BRDA:17,2,0,0
BRDA:17,2,1,0
BRDA:94,3,0,0
BRDA:94,3,1,0
BRDA:123,4,0,0
BRDA:123,4,1,0
BRDA:129,5,0,0
BRDA:129,5,1,0
BRDA:146,6,0,0
BRDA:146,6,1,0
BRDA:153,7,0,0
BRDA:153,7,1,0
BRDA:195,8,0,0
BRDA:195,8,1,0
BRDA:195,8,2,0
BRDA:254,9,0,0
BRDA:254,9,1,0
BRDA:258,10,0,0
BRDA:258,10,1,0
BRDA:281,11,0,0
BRDA:281,11,1,0
BRDA:282,12,0,0
BRDA:282,12,1,0
BRDA:287,13,0,0
BRDA:287,13,1,0
BRDA:288,14,0,0
BRDA:288,14,1,0
BRDA:290,15,0,0
BRDA:290,15,1,0
BRDA:290,16,0,0
BRDA:290,16,1,0
BRDA:292,17,0,0
BRDA:292,17,1,0
BRDA:293,18,0,0
BRDA:293,18,1,0
BRDA:360,19,0,0
BRDA:360,19,1,0
BRDA:380,20,0,0
BRDA:380,20,1,0
BRDA:386,21,0,0
BRDA:386,21,1,0
BRDA:391,22,0,0
BRDA:391,22,1,0
BRDA:392,23,0,0
BRDA:392,23,1,0
BRDA:394,24,0,0
BRDA:394,24,1,0
BRDA:411,25,0,0
BRDA:418,26,0,0
BRDA:418,26,1,0
BRDA:423,27,0,0
BRDA:423,27,1,0
BRDA:423,28,0,0
BRDA:423,28,1,0
BRDA:427,29,0,0
BRDA:427,29,1,0
BRDA:456,30,0,0
BRDA:460,31,0,0
BRDA:460,31,1,0
BRDA:466,32,0,0
BRDA:466,32,1,0
BRDA:473,33,0,0
BRDA:473,33,1,0
BRDA:476,34,0,0
BRDA:476,34,1,0
BRDA:479,35,0,0
BRDA:479,35,1,0
BRDA:479,36,0,0
BRDA:479,36,1,0
BRDA:479,36,2,0
BRDA:484,37,0,0
BRDA:484,37,1,0
BRDA:484,38,0,0
BRDA:484,38,1,0
BRDA:488,39,0,0
BRDA:488,39,1,0
BRDA:495,40,0,0
BRDA:495,40,1,0
BRDA:499,41,0,0
BRDA:499,41,1,0
BRDA:503,42,0,0
BRDA:503,42,1,0
BRDA:505,43,0,0
BRDA:505,43,1,0
BRDA:505,43,2,0
BRDA:505,43,3,0
BRDA:505,43,4,0
BRDA:525,44,0,0
BRDA:525,44,1,0
BRDA:525,45,0,0
BRDA:525,45,1,0
BRDA:534,46,0,0
BRDA:534,46,1,0
BRDA:537,47,0,0
BRDA:537,47,1,0
BRDA:551,48,0,0
BRDA:551,48,1,0
BRDA:564,49,0,0
BRDA:564,49,1,0
BRDA:599,50,0,0
BRDA:599,50,1,0
BRDA:603,51,0,0
BRDA:603,51,1,0
BRDA:610,52,0,0
BRDA:610,52,1,0
BRDA:612,53,0,0
BRDA:612,53,1,0
BRDA:618,54,0,0
BRDA:618,54,1,0
BRDA:619,55,0,0
BRDA:619,55,1,0
BRDA:620,56,0,0
BRDA:620,56,1,0
BRDA:620,57,0,0
BRDA:620,57,1,0
BRDA:623,58,0,0
BRDA:623,58,1,0
BRDA:623,59,0,0
BRDA:623,59,1,0
BRDA:633,60,0,0
BRDA:633,60,1,0
BRDA:636,61,0,0
BRDA:636,61,1,0
BRDA:651,62,0,0
BRDA:651,62,1,0
BRDA:656,63,0,0
BRDA:656,63,1,0
BRDA:688,64,0,0
BRDA:688,64,1,0
BRDA:692,65,0,0
BRDA:692,65,1,0
BRDA:699,66,0,0
BRDA:699,66,1,0
BRDA:701,67,0,0
BRDA:701,67,1,0
BRDA:707,68,0,0
BRDA:707,68,1,0
BRDA:708,69,0,0
BRDA:708,69,1,0
BRDA:709,70,0,0
BRDA:709,70,1,0
BRDA:709,71,0,0
BRDA:709,71,1,0
BRDA:711,72,0,0
BRDA:711,72,1,0
BRDA:711,73,0,0
BRDA:711,73,1,0
BRDA:721,74,0,0
BRDA:721,74,1,0
BRDA:724,75,0,0
BRDA:724,75,1,0
BRDA:739,76,0,0
BRDA:739,76,1,0
BRDA:744,77,0,0
BRDA:744,77,1,0
BRDA:775,78,0,0
BRDA:775,78,1,0
BRDA:777,79,0,0
BRDA:777,79,1,0
BRDA:781,80,0,0
BRDA:781,80,1,0
BRDA:802,81,0,0
BRDA:802,81,1,0
BRDA:806,82,0,0
BRDA:806,82,1,0
BRF:169
BRH:0
end_of_record
TN:
SF:routes\payments.js
FN:9,(anonymous_0)
FN:30,(anonymous_1)
FN:51,(anonymous_2)
FN:92,(anonymous_3)
FN:123,(anonymous_4)
FN:175,(anonymous_5)
FN:222,(anonymous_6)
FN:256,(anonymous_7)
FN:305,(anonymous_8)
FN:356,(anonymous_9)
FN:431,(anonymous_10)
FN:485,(anonymous_11)
FNF:12
FNH:0
FNDA:0,(anonymous_0)
FNDA:0,(anonymous_1)
FNDA:0,(anonymous_2)
FNDA:0,(anonymous_3)
FNDA:0,(anonymous_4)
FNDA:0,(anonymous_5)
FNDA:0,(anonymous_6)
FNDA:0,(anonymous_7)
FNDA:0,(anonymous_8)
FNDA:0,(anonymous_9)
FNDA:0,(anonymous_10)
FNDA:0,(anonymous_11)
DA:1,6
DA:2,6
DA:3,6
DA:4,6
DA:6,6
DA:9,6
DA:10,0
DA:11,0
DA:14,0
DA:21,0
DA:22,0
DA:26,0
DA:30,0
DA:33,0
DA:40,0
DA:45,0
DA:46,0
DA:51,6
DA:52,0
DA:53,0
DA:54,0
DA:55,0
DA:56,0
DA:58,0
DA:59,0
DA:61,0
DA:75,0
DA:86,0
DA:87,0
DA:92,6
DA:93,0
DA:94,0
DA:97,0
DA:104,0
DA:105,0
DA:109,0
DA:113,0
DA:114,0
DA:118,0
DA:119,0
DA:123,0
DA:125,0
DA:132,0
DA:133,0
DA:140,0
DA:141,0
DA:149,0
DA:152,0
DA:162,0
DA:164,0
DA:169,0
DA:170,0
DA:175,6
DA:176,0
DA:177,0
DA:179,0
DA:180,0
DA:181,0
DA:184,0
DA:194,0
DA:195,0
DA:198,0
DA:199,0
DA:200,0
DA:202,0
DA:205,0
DA:206,0
DA:207,0
DA:208,0
DA:211,0
DA:216,0
DA:217,0
DA:222,6
DA:223,0
DA:224,0
DA:241,0
DA:242,0
DA:245,0
DA:250,0
DA:251,0
DA:256,6
DA:257,0
DA:258,0
DA:261,0
DA:268,0
DA:269,0
DA:273,0
DA:277,0
DA:278,0
DA:282,0
DA:284,0
DA:293,0
DA:299,0
DA:300,0
DA:305,6
DA:306,0
DA:307,0
DA:310,0
DA:317,0
DA:318,0
DA:322,0
DA:323,0
DA:325,0
DA:326,0
DA:333,0
DA:343,0
DA:345,0
DA:350,0
DA:351,0
DA:356,6
DA:357,0
DA:358,0
DA:360,0
DA:370,0
DA:371,0
DA:374,0
DA:375,0
DA:378,0
DA:380,0
DA:381,0
DA:385,0
DA:386,0
DA:387,0
DA:388,0
DA:394,0
DA:401,0
DA:407,0
DA:408,0
DA:412,0
DA:419,0
DA:425,0
DA:426,0
DA:431,6
DA:432,0
DA:433,0
DA:434,0
DA:435,0
DA:436,0
DA:438,0
DA:439,0
DA:440,0
DA:442,0
DA:443,0
DA:444,0
DA:445,0
DA:448,0
DA:468,0
DA:479,0
DA:480,0
DA:485,6
DA:486,0
DA:487,0
DA:503,0
DA:504,0
DA:507,0
DA:512,0
DA:513,0
DA:517,6
LF:158
LH:16
BRDA:21,0,0,0
BRDA:21,0,1,0
BRDA:53,1,0,0
BRDA:53,1,1,0
BRDA:54,2,0,0
BRDA:54,2,1,0
BRDA:59,3,0,0
BRDA:59,3,1,0
BRDA:104,4,0,0
BRDA:104,4,1,0
BRDA:113,5,0,0
BRDA:113,5,1,0
BRDA:118,6,0,0
BRDA:118,6,1,0
BRDA:132,7,0,0
BRDA:132,7,1,0
BRDA:140,8,0,0
BRDA:140,8,1,0
BRDA:140,9,0,0
BRDA:140,9,1,0
BRDA:149,10,0,0
BRDA:149,10,1,0
BRDA:157,11,0,0
BRDA:157,11,1,0
BRDA:180,12,0,0
BRDA:180,12,1,0
BRDA:194,13,0,0
BRDA:194,13,1,0
BRDA:199,14,0,0
BRDA:199,14,1,0
BRDA:200,15,0,0
BRDA:200,15,1,0
BRDA:205,16,0,0
BRDA:205,16,1,0
BRDA:207,17,0,0
BRDA:207,17,1,0
BRDA:241,18,0,0
BRDA:241,18,1,0
BRDA:268,19,0,0
BRDA:268,19,1,0
BRDA:277,20,0,0
BRDA:277,20,1,0
BRDA:317,21,0,0
BRDA:317,21,1,0
BRDA:325,22,0,0
BRDA:325,22,1,0
BRDA:370,23,0,0
BRDA:370,23,1,0
BRDA:374,24,0,0
BRDA:374,24,1,0
BRDA:378,25,0,0
BRDA:378,25,1,0
BRDA:380,26,0,0
BRDA:380,26,1,0
BRDA:385,27,0,0
BRDA:385,27,1,0
BRDA:385,28,0,0
BRDA:385,28,1,0
BRDA:397,29,0,0
BRDA:397,29,1,0
BRDA:415,30,0,0
BRDA:415,30,1,0
BRDA:433,31,0,0
BRDA:433,31,1,0
BRDA:434,32,0,0
BRDA:434,32,1,0
BRDA:439,33,0,0
BRDA:439,33,1,0
BRDA:440,34,0,0
BRDA:440,34,1,0
BRDA:442,35,0,0
BRDA:442,35,1,0
BRDA:442,36,0,0
BRDA:442,36,1,0
BRDA:444,37,0,0
BRDA:444,37,1,0
BRDA:445,38,0,0
BRDA:445,38,1,0
BRDA:503,39,0,0
BRDA:503,39,1,0
BRF:80
BRH:0
end_of_record
TN:
SF:routes\products.js
FN:13,(anonymous_0)
FN:19,(anonymous_1)
FN:28,(anonymous_2)
FN:42,(anonymous_3)
FN:102,(anonymous_4)
FN:129,(anonymous_5)
FN:161,(anonymous_6)
FN:205,(anonymous_7)
FN:253,(anonymous_8)
FN:303,(anonymous_9)
FN:322,(anonymous_10)
FN:350,(anonymous_11)
FN:381,(anonymous_12)
FN:396,(anonymous_13)
FNF:14
FNH:7
FNDA:0,(anonymous_0)
FNDA:0,(anonymous_1)
FNDA:0,(anonymous_2)
FNDA:1,(anonymous_3)
FNDA:3,(anonymous_4)
FNDA:0,(anonymous_5)
FNDA:3,(anonymous_6)
FNDA:1,(anonymous_7)
FNDA:1,(anonymous_8)
FNDA:2,(anonymous_9)
FNDA:1,(anonymous_10)
FNDA:0,(anonymous_11)
FNDA:0,(anonymous_12)
FNDA:0,(anonymous_13)
DA:1,6
DA:2,6
DA:3,6
DA:4,6
DA:5,6
DA:6,6
DA:7,6
DA:8,6
DA:11,6
DA:12,6
DA:14,0
DA:15,0
DA:17,0
DA:20,0
DA:21,0
DA:22,0
DA:23,0
DA:27,6
DA:28,6
DA:29,0
DA:30,0
DA:32,0
DA:36,6
DA:38,6
DA:42,6
DA:43,1
DA:44,1
DA:45,1
DA:46,1
DA:47,1
DA:50,1
DA:52,1
DA:53,0
DA:56,1
DA:57,0
DA:60,1
DA:61,0
DA:64,1
DA:65,0
DA:71,1
DA:85,1
DA:96,0
DA:97,0
DA:102,6
DA:103,3
DA:104,3
DA:114,3
DA:115,1
DA:118,2
DA:123,0
DA:124,0
DA:129,6
DA:130,0
DA:131,0
DA:133,0
DA:134,0
DA:137,0
DA:138,0
DA:140,0
DA:141,0
DA:142,0
DA:143,0
DA:144,0
DA:145,0
DA:148,0
DA:150,0
DA:153,0
DA:155,0
DA:156,0
DA:161,6
DA:162,3
DA:163,3
DA:166,3
DA:167,0
DA:168,0
DA:169,0
DA:170,3
DA:171,1
DA:172,1
DA:173,0
DA:175,1
DA:179,3
DA:181,3
DA:184,3
DA:194,3
DA:199,0
DA:200,0
DA:205,6
DA:206,1
DA:207,1
DA:209,1
DA:210,0
DA:213,1
DA:215,1
DA:216,0
DA:217,0
DA:218,0
DA:219,1
DA:220,0
DA:221,0
DA:222,0
DA:224,0
DA:227,1
DA:229,1
DA:232,1
DA:242,1
DA:247,0
DA:248,0
DA:253,6
DA:254,1
DA:255,1
DA:257,1
DA:258,0
DA:261,1
DA:264,1
DA:265,0
DA:266,0
DA:267,0
DA:268,1
DA:269,0
DA:270,0
DA:271,0
DA:273,0
DA:277,1
DA:279,1
DA:282,1
DA:292,1
DA:297,0
DA:298,0
DA:303,6
DA:304,2
DA:305,2
DA:307,2
DA:308,0
DA:312,2
DA:314,2
DA:316,0
DA:317,0
DA:322,6
DA:323,1
DA:324,1
DA:326,1
DA:327,0
DA:330,1
DA:332,1
DA:342,1
DA:344,0
DA:345,0
DA:350,6
DA:351,0
DA:352,0
DA:354,0
DA:355,0
DA:358,0
DA:360,0
DA:361,0
DA:364,0
DA:366,0
DA:375,0
DA:376,0
DA:381,6
DA:382,0
DA:383,0
DA:385,0
DA:390,0
DA:391,0
DA:396,6
DA:397,0
DA:398,0
DA:399,0
DA:400,0
DA:401,0
DA:403,0
DA:404,0
DA:405,0
DA:408,0
DA:425,0
DA:436,0
DA:437,0
DA:441,6
LF:180
LH:85
BRDA:29,0,0,0
BRDA:29,0,1,0
BRDA:44,1,0,1
BRDA:44,1,1,0
BRDA:45,2,0,1
BRDA:45,2,1,0
BRDA:52,3,0,0
BRDA:52,3,1,1
BRDA:56,4,0,0
BRDA:56,4,1,1
BRDA:60,5,0,0
BRDA:60,5,1,1
BRDA:64,6,0,0
BRDA:64,6,1,1
BRDA:114,7,0,1
BRDA:114,7,1,2
BRDA:133,8,0,0
BRDA:133,8,1,0
BRDA:140,9,0,0
BRDA:140,9,1,0
BRDA:140,10,0,0
BRDA:140,10,1,0
BRDA:141,11,0,0
BRDA:141,11,1,0
BRDA:148,12,0,0
BRDA:148,12,1,0
BRDA:166,13,0,0
BRDA:166,13,1,3
BRDA:170,14,0,1
BRDA:170,14,1,2
BRDA:172,15,0,0
BRDA:172,15,1,1
BRDA:209,16,0,0
BRDA:209,16,1,1
BRDA:215,17,0,0
BRDA:215,17,1,1
BRDA:219,18,0,0
BRDA:219,18,1,1
BRDA:221,19,0,0
BRDA:221,19,1,0
BRDA:257,20,0,0
BRDA:257,20,1,1
BRDA:264,21,0,0
BRDA:264,21,1,1
BRDA:268,22,0,0
BRDA:268,22,1,1
BRDA:270,23,0,0
BRDA:270,23,1,0
BRDA:307,24,0,0
BRDA:307,24,1,2
BRDA:326,25,0,0
BRDA:326,25,1,1
BRDA:354,26,0,0
BRDA:354,26,1,0
BRDA:354,27,0,0
BRDA:354,27,1,0
BRDA:360,28,0,0
BRDA:360,28,1,0
BRDA:399,29,0,0
BRDA:399,29,1,0
BRDA:400,30,0,0
BRDA:400,30,1,0
BRDA:404,31,0,0
BRDA:404,31,1,0
BRF:64
BRH:20
end_of_record
TN:
SF:routes\subscriptions.js
FN:10,(anonymous_0)
FN:25,(anonymous_1)
FN:38,(anonymous_2)
FN:64,(anonymous_3)
FN:87,(anonymous_4)
FN:120,(anonymous_5)
FN:151,(anonymous_6)
FN:179,(anonymous_7)
FN:204,(anonymous_8)
FN:238,(anonymous_9)
FN:289,(anonymous_10)
FN:309,(anonymous_11)
FN:350,(anonymous_12)
FN:384,(anonymous_13)
FN:416,(anonymous_14)
FN:458,(anonymous_15)
FN:490,(anonymous_16)
FN:511,(anonymous_17)
FN:541,(anonymous_18)
FN:571,(anonymous_19)
FNF:20
FNH:0
FNDA:0,(anonymous_0)
FNDA:0,(anonymous_1)
FNDA:0,(anonymous_2)
FNDA:0,(anonymous_3)
FNDA:0,(anonymous_4)
FNDA:0,(anonymous_5)
FNDA:0,(anonymous_6)
FNDA:0,(anonymous_7)
FNDA:0,(anonymous_8)
FNDA:0,(anonymous_9)
FNDA:0,(anonymous_10)
FNDA:0,(anonymous_11)
FNDA:0,(anonymous_12)
FNDA:0,(anonymous_13)
FNDA:0,(anonymous_14)
FNDA:0,(anonymous_15)
FNDA:0,(anonymous_16)
FNDA:0,(anonymous_17)
FNDA:0,(anonymous_18)
FNDA:0,(anonymous_19)
DA:1,6
DA:2,6
DA:3,6
DA:4,6
DA:5,6
DA:7,6
DA:10,6
DA:11,0
DA:12,0
DA:21,0
DA:22,0
DA:25,0
DA:26,0
DA:29,0
DA:36,0
DA:37,0
DA:38,0
DA:39,0
DA:46,0
DA:49,0
DA:50,0
DA:53,0
DA:58,0
DA:59,0
DA:64,6
DA:65,0
DA:66,0
DA:69,0
DA:76,0
DA:77,0
DA:78,0
DA:80,0
DA:81,0
DA:83,0
DA:87,0
DA:88,0
DA:91,0
DA:93,0
DA:100,0
DA:109,0
DA:114,0
DA:115,0
DA:120,6
DA:121,0
DA:122,0
DA:129,0
DA:130,0
DA:134,0
DA:135,0
DA:138,0
DA:140,0
DA:145,0
DA:146,0
DA:151,6
DA:152,0
DA:153,0
DA:156,0
DA:163,0
DA:164,0
DA:168,0
DA:169,0
DA:171,0
DA:175,0
DA:176,0
DA:179,0
DA:181,0
DA:185,0
DA:186,0
DA:190,0
DA:191,0
DA:193,0
DA:198,0
DA:199,0
DA:204,6
DA:205,0
DA:206,0
DA:207,0
DA:214,0
DA:215,0
DA:218,0
DA:219,0
DA:222,0
DA:227,0
DA:232,0
DA:233,0
DA:238,6
DA:239,0
DA:240,0
DA:247,0
DA:248,0
DA:251,0
DA:252,0
DA:256,0
DA:257,0
DA:259,0
DA:260,0
DA:262,0
DA:263,0
DA:265,0
DA:266,0
DA:268,0
DA:269,0
DA:272,0
DA:278,0
DA:283,0
DA:284,0
DA:289,6
DA:290,0
DA:291,0
DA:292,0
DA:299,0
DA:300,0
DA:303,0
DA:304,0
DA:308,0
DA:309,0
DA:310,0
DA:314,0
DA:315,0
DA:319,0
DA:320,0
DA:321,0
DA:327,0
DA:333,0
DA:339,0
DA:344,0
DA:345,0
DA:350,6
DA:351,0
DA:352,0
DA:359,0
DA:360,0
DA:363,0
DA:364,0
DA:367,0
DA:368,0
DA:371,0
DA:373,0
DA:378,0
DA:379,0
DA:384,6
DA:385,0
DA:386,0
DA:401,0
DA:402,0
DA:405,0
DA:410,0
DA:411,0
DA:416,6
DA:417,0
DA:418,0
DA:419,0
DA:420,0
DA:421,0
DA:423,0
DA:424,0
DA:425,0
DA:427,0
DA:441,0
DA:452,0
DA:453,0
DA:458,6
DA:459,0
DA:460,0
DA:475,0
DA:476,0
DA:479,0
DA:484,0
DA:485,0
DA:490,6
DA:491,0
DA:492,0
DA:494,0
DA:495,0
DA:498,0
DA:500,0
DA:505,0
DA:506,0
DA:511,6
DA:512,0
DA:513,0
DA:515,0
DA:516,0
DA:519,0
DA:520,0
DA:521,0
DA:524,0
DA:533,0
DA:535,0
DA:536,0
DA:541,6
DA:542,0
DA:543,0
DA:544,0
DA:546,0
DA:547,0
DA:550,0
DA:551,0
DA:554,0
DA:560,0
DA:565,0
DA:566,0
DA:571,6
DA:572,0
DA:573,0
DA:600,0
DA:605,0
DA:606,0
DA:610,6
LF:209
LH:22
BRDA:37,0,0,0
BRDA:37,0,1,0
BRDA:76,1,0,0
BRDA:76,1,1,0
BRDA:76,2,0,0
BRDA:76,2,1,0
BRDA:81,3,0,0
BRDA:81,3,1,0
BRDA:91,4,0,0
BRDA:91,4,1,0
BRDA:106,5,0,0
BRDA:106,5,1,0
BRDA:129,6,0,0
BRDA:129,6,1,0
BRDA:134,7,0,0
BRDA:134,7,1,0
BRDA:163,8,0,0
BRDA:163,8,1,0
BRDA:175,9,0,0
BRDA:175,9,1,0
BRDA:185,10,0,0
BRDA:185,10,1,0
BRDA:214,11,0,0
BRDA:214,11,1,0
BRDA:218,12,0,0
BRDA:218,12,1,0
BRDA:224,13,0,0
BRDA:224,13,1,0
BRDA:247,14,0,0
BRDA:247,14,1,0
BRDA:251,15,0,0
BRDA:251,15,1,0
BRDA:257,16,0,0
BRDA:257,16,1,0
BRDA:257,16,2,0
BRDA:257,16,3,0
BRDA:299,17,0,0
BRDA:299,17,1,0
BRDA:303,18,0,0
BRDA:303,18,1,0
BRDA:310,19,0,0
BRDA:310,19,1,0
BRDA:314,20,0,0
BRDA:314,20,1,0
BRDA:319,21,0,0
BRDA:319,21,1,0
BRDA:359,22,0,0
BRDA:359,22,1,0
BRDA:363,23,0,0
BRDA:363,23,1,0
BRDA:367,24,0,0
BRDA:367,24,1,0
BRDA:401,25,0,0
BRDA:401,25,1,0
BRDA:418,26,0,0
BRDA:418,26,1,0
BRDA:419,27,0,0
BRDA:419,27,1,0
BRDA:424,28,0,0
BRDA:424,28,1,0
BRDA:425,29,0,0
BRDA:425,29,1,0
BRDA:475,30,0,0
BRDA:475,30,1,0
BRDA:494,31,0,0
BRDA:494,31,1,0
BRDA:515,32,0,0
BRDA:515,32,1,0
BRDA:515,33,0,0
BRDA:515,33,1,0
BRDA:520,34,0,0
BRDA:520,34,1,0
BRDA:530,35,0,0
BRDA:530,35,1,0
BRDA:546,36,0,0
BRDA:546,36,1,0
BRDA:550,37,0,0
BRDA:550,37,1,0
BRF:78
BRH:0
end_of_record
TN:
SF:routes\users.js
FN:9,(anonymous_0)
FN:33,(anonymous_1)
FN:59,(anonymous_2)
FN:77,(anonymous_3)
FN:105,(anonymous_4)
FN:139,(anonymous_5)
FN:162,(anonymous_6)
FN:195,(anonymous_7)
FN:213,(anonymous_8)
FN:247,(anonymous_9)
FN:282,(anonymous_10)
FN:327,(anonymous_11)
FN:353,(anonymous_12)
FN:379,(anonymous_13)
FN:403,(anonymous_14)
FN:430,(anonymous_15)
FN:457,(anonymous_16)
FN:474,(anonymous_17)
FN:492,(anonymous_18)
FNF:19
FNH:2
FNDA:1,(anonymous_0)
FNDA:1,(anonymous_1)
FNDA:0,(anonymous_2)
FNDA:0,(anonymous_3)
FNDA:0,(anonymous_4)
FNDA:0,(anonymous_5)
FNDA:0,(anonymous_6)
FNDA:0,(anonymous_7)
FNDA:0,(anonymous_8)
FNDA:0,(anonymous_9)
FNDA:0,(anonymous_10)
FNDA:0,(anonymous_11)
FNDA:0,(anonymous_12)
FNDA:0,(anonymous_13)
FNDA:0,(anonymous_14)
FNDA:0,(anonymous_15)
FNDA:0,(anonymous_16)
FNDA:0,(anonymous_17)
FNDA:0,(anonymous_18)
DA:1,6
DA:2,6
DA:3,6
DA:4,6
DA:6,6
DA:9,6
DA:10,1
DA:11,1
DA:22,1
DA:27,0
DA:28,0
DA:33,6
DA:34,1
DA:35,1
DA:36,1
DA:38,1
DA:39,0
DA:43,1
DA:44,1
DA:46,1
DA:48,1
DA:53,0
DA:54,0
DA:59,6
DA:60,0
DA:61,0
DA:66,0
DA:71,0
DA:72,0
DA:77,6
DA:78,0
DA:79,0
DA:85,0
DA:86,0
DA:92,0
DA:94,0
DA:99,0
DA:100,0
DA:105,6
DA:106,0
DA:107,0
DA:114,0
DA:115,0
DA:119,0
DA:120,0
DA:126,0
DA:128,0
DA:133,0
DA:134,0
DA:139,6
DA:140,0
DA:141,0
DA:148,0
DA:149,0
DA:152,0
DA:154,0
DA:156,0
DA:157,0
DA:162,6
DA:163,0
DA:164,0
DA:171,0
DA:172,0
DA:176,0
DA:182,0
DA:184,0
DA:189,0
DA:190,0
DA:195,6
DA:196,0
DA:197,0
DA:202,0
DA:207,0
DA:208,0
DA:213,6
DA:214,0
DA:215,0
DA:216,0
DA:217,0
DA:219,0
DA:230,0
DA:241,0
DA:242,0
DA:247,6
DA:248,0
DA:249,0
DA:267,0
DA:268,0
DA:271,0
DA:276,0
DA:277,0
DA:282,6
DA:283,0
DA:284,0
DA:285,0
DA:286,0
DA:287,0
DA:289,0
DA:290,0
DA:291,0
DA:293,0
DA:294,0
DA:296,0
DA:297,0
DA:303,0
DA:311,0
DA:322,0
DA:323,0
DA:327,6
DA:328,0
DA:329,0
DA:338,0
DA:339,0
DA:342,0
DA:347,0
DA:348,0
DA:353,6
DA:354,0
DA:355,0
DA:357,0
DA:358,0
DA:361,0
DA:362,0
DA:363,0
DA:366,0
DA:368,0
DA:373,0
DA:374,0
DA:379,6
DA:380,0
DA:381,0
DA:382,0
DA:383,0
DA:384,0
DA:387,0
DA:388,0
DA:392,0
DA:397,0
DA:398,0
DA:403,6
DA:404,0
DA:405,0
DA:406,0
DA:407,0
DA:410,0
DA:411,0
DA:412,0
DA:413,0
DA:416,0
DA:418,0
DA:422,0
DA:424,0
DA:425,0
DA:430,6
DA:431,0
DA:432,0
DA:433,0
DA:434,0
DA:437,0
DA:438,0
DA:439,0
DA:440,0
DA:443,0
DA:445,0
DA:449,0
DA:451,0
DA:452,0
DA:457,6
DA:458,0
DA:459,0
DA:460,0
DA:461,0
DA:464,0
DA:466,0
DA:468,0
DA:469,0
DA:474,6
DA:475,0
DA:476,0
DA:477,0
DA:478,0
DA:481,0
DA:483,0
DA:485,0
DA:486,0
DA:492,6
DA:493,0
DA:494,0
DA:495,0
DA:496,0
DA:499,0
DA:501,0
DA:502,0
DA:505,0
DA:507,0
DA:509,0
DA:510,0
DA:514,6
LF:198
LH:36
BRDA:38,0,0,0
BRDA:38,0,1,1
BRDA:43,1,0,1
BRDA:43,1,1,0
BRDA:44,2,0,1
BRDA:44,2,1,0
BRDA:85,3,0,0
BRDA:85,3,1,0
BRDA:114,4,0,0
BRDA:114,4,1,0
BRDA:119,5,0,0
BRDA:119,5,1,0
BRDA:148,6,0,0
BRDA:148,6,1,0
BRDA:171,7,0,0
BRDA:171,7,1,0
BRDA:215,8,0,0
BRDA:215,8,1,0
BRDA:216,9,0,0
BRDA:216,9,1,0
BRDA:267,10,0,0
BRDA:267,10,1,0
BRDA:284,11,0,0
BRDA:284,11,1,0
BRDA:285,12,0,0
BRDA:285,12,1,0
BRDA:290,13,0,0
BRDA:290,13,1,0
BRDA:293,14,0,0
BRDA:293,14,1,0
BRDA:296,15,0,0
BRDA:296,15,1,0
BRDA:338,16,0,0
BRDA:338,16,1,0
BRDA:357,17,0,0
BRDA:357,17,1,0
BRDA:362,18,0,0
BRDA:362,18,1,0
BRDA:369,19,0,0
BRDA:369,19,1,0
BRDA:382,20,0,0
BRDA:382,20,1,0
BRDA:406,21,0,0
BRDA:406,21,1,0
BRDA:411,22,0,0
BRDA:411,22,1,0
BRDA:433,23,0,0
BRDA:433,23,1,0
BRDA:438,24,0,0
BRDA:438,24,1,0
BRDA:460,25,0,0
BRDA:460,25,1,0
BRDA:477,26,0,0
BRDA:477,26,1,0
BRDA:495,27,0,0
BRDA:495,27,1,0
BRDA:501,28,0,0
BRDA:501,28,1,0
BRF:58
BRH:3
end_of_record
TN:
SF:utils\crypto.js
FN:5,ensureKey
FN:11,encrypt
FN:19,decrypt
FNF:3
FNH:0
FNDA:0,ensureKey
FNDA:0,encrypt
FNDA:0,decrypt
DA:1,6
DA:3,6
DA:6,0
DA:7,0
DA:12,0
DA:13,0
DA:14,0
DA:15,0
DA:16,0
DA:20,0
DA:21,0
DA:22,0
DA:23,0
DA:24,0
DA:26,0
DA:27,0
DA:29,0
DA:32,0
DA:36,6
LF:19
LH:3
BRDA:6,0,0,0
BRDA:6,0,1,0
BRDA:6,1,0,0
BRDA:6,1,1,0
BRDA:12,2,0,0
BRDA:12,2,1,0
BRDA:12,3,0,0
BRDA:12,3,1,0
BRDA:14,4,0,0
BRDA:14,4,1,0
BRDA:20,5,0,0
BRDA:20,5,1,0
BRDA:20,6,0,0
BRDA:20,6,1,0
BRF:14
BRH:0
end_of_record
TN:
SF:utils\image.js
FN:6,detectImageMimeType
FN:33,buildImageFromFile
FN:38,buildImageFromBase64
FNF:3
FNH:1
FNDA:0,detectImageMimeType
FNDA:0,buildImageFromFile
FNDA:1,buildImageFromBase64
DA:1,6
DA:3,6
DA:7,0
DA:9,0
DA:13,0
DA:16,0
DA:17,0
DA:20,0
DA:21,0
DA:24,0
DA:28,0
DA:30,0
DA:34,0
DA:35,0
DA:39,1
DA:40,1
DA:41,1
DA:42,1
DA:43,1
DA:44,0
DA:46,1
DA:48,0
DA:52,6
LF:23
LH:9
BRDA:7,0,0,0
BRDA:7,0,1,0
BRDA:7,1,0,0
BRDA:7,1,1,0
BRDA:9,2,0,0
BRDA:9,2,1,0
BRDA:10,3,0,0
BRDA:10,3,1,0
BRDA:10,3,2,0
BRDA:10,3,3,0
BRDA:10,3,4,0
BRDA:10,3,5,0
BRDA:10,3,6,0
BRDA:10,3,7,0
BRDA:16,4,0,0
BRDA:16,4,1,0
BRDA:16,5,0,0
BRDA:16,5,1,0
BRDA:16,5,2,0
BRDA:20,6,0,0
BRDA:20,6,1,0
BRDA:20,7,0,0
BRDA:20,7,1,0
BRDA:20,7,2,0
BRDA:20,7,3,0
BRDA:24,8,0,0
BRDA:24,8,1,0
BRDA:25,9,0,0
BRDA:25,9,1,0
BRDA:25,9,2,0
BRDA:25,9,3,0
BRDA:25,9,4,0
BRDA:25,9,5,0
BRDA:25,9,6,0
BRDA:25,9,7,0
BRDA:40,10,0,0
BRDA:40,10,1,1
BRDA:43,11,0,0
BRDA:43,11,1,1
BRF:39
BRH:2
end_of_record
TN:
SF:utils\securityLogger.js
FN:7,ensureLogFile
FN:16,writeLog
FN:20,(anonymous_2)
FN:27,logValidation
FN:38,logAuthEvent
FN:50,logRateLimit
FN:61,logCspReport
FNF:7
FNH:6
FNDA:7,ensureLogFile
FNDA:7,writeLog
FNDA:5,(anonymous_2)
FNDA:4,logValidation
FNDA:1,logAuthEvent
FNDA:0,logRateLimit
FNDA:2,logCspReport
DA:1,6
DA:2,6
DA:4,6
DA:5,6
DA:8,7
DA:9,7
DA:10,7
DA:17,7
DA:18,7
DA:19,7
DA:20,7
DA:24,7
DA:28,4
DA:39,1
DA:51,0
DA:62,2
DA:72,6
LF:17
LH:16
BRDA:9,0,0,0
BRDA:9,0,1,7
BRDA:10,1,0,0
BRDA:10,1,1,7
BRDA:33,2,0,4
BRDA:33,2,1,2
BRDA:38,3,0,0
BRDA:45,4,0,1
BRDA:45,4,1,1
BRDA:50,5,0,0
BRDA:67,6,0,2
BRDA:67,6,1,2
BRF:12
BRH:8
end_of_record
